<?xml version="1.0"?>
<!DOCTYPE coverage SYSTEM "http://cobertura.sourceforge.net/xml/coverage-04.dtd">

<coverage line-rate="0.0" branch-rate="0.0" lines-covered="0" lines-valid="24" branches-covered="0" branches-valid="104" complexity="0.0" version="2.1.1" timestamp="1505376105526">
	<sources>
		<source>--source</source>
		<source>/Users/wulonghui/work/unified_cashier/core-model/src/main/java</source>
		<source>/Users/wulonghui/work/unified_cashier/core-model/target/generated-sources/annotations</source>
	</sources>
	<packages>
		<package name="com.youzan.pay.unified.cashier.core.model.domain" line-rate="0.0" branch-rate="0.0" complexity="0.0">
			<classes>
				<class name="com.youzan.pay.unified.cashier.core.model.domain.ApiDigestLogInfo" filename="com/youzan/pay/unified/cashier/core/model/domain/ApiDigestLogInfo.java" line-rate="0.0" branch-rate="1.0" complexity="0.0">
					<methods>
						<method name="&lt;init&gt;" signature="()V" line-rate="0.0" branch-rate="1.0" complexity="0">
							<lines>
								<line number="15" hits="0" branch="false"/>
							</lines>
						</method>
					</methods>
					<lines>
						<line number="15" hits="0" branch="false"/>
					</lines>
				</class>
				<class name="com.youzan.pay.unified.cashier.core.model.domain.BaseMonitorLogInfo" filename="com/youzan/pay/unified/cashier/core/model/domain/BaseMonitorLogInfo.java" line-rate="0.0" branch-rate="0.0" complexity="0.0">
					<methods>
						<method name="&lt;clinit&gt;" signature="()V" line-rate="0.0" branch-rate="1.0" complexity="0">
							<lines>
								<line number="27" hits="0" branch="false"/>
								<line number="29" hits="0" branch="false"/>
								<line number="32" hits="0" branch="false"/>
							</lines>
						</method>
						<method name="&lt;init&gt;" signature="()V" line-rate="1.0" branch-rate="1.0" complexity="0">
							<lines>
							</lines>
						</method>
						<method name="canEqual" signature="(Ljava/lang/Object;)Z" line-rate="1.0" branch-rate="1.0" complexity="0">
							<lines>
							</lines>
						</method>
						<method name="equals" signature="(Ljava/lang/Object;)Z" line-rate="1.0" branch-rate="1.0" complexity="0">
							<lines>
							</lines>
						</method>
						<method name="getApi" signature="()Ljava/lang/String;" line-rate="0.0" branch-rate="1.0" complexity="0">
							<lines>
								<line number="19" hits="0" branch="false"/>
							</lines>
						</method>
						<method name="getDuration" signature="()J" line-rate="0.0" branch-rate="1.0" complexity="0">
							<lines>
								<line number="21" hits="0" branch="false"/>
							</lines>
						</method>
						<method name="getResult" signature="()Ljava/lang/String;" line-rate="0.0" branch-rate="1.0" complexity="0">
							<lines>
								<line number="24" hits="0" branch="false"/>
							</lines>
						</method>
						<method name="hashCode" signature="()I" line-rate="1.0" branch-rate="1.0" complexity="0">
							<lines>
							</lines>
						</method>
						<method name="setApi" signature="(Ljava/lang/String;)V" line-rate="1.0" branch-rate="1.0" complexity="0">
							<lines>
							</lines>
						</method>
						<method name="setDuration" signature="(J)V" line-rate="1.0" branch-rate="1.0" complexity="0">
							<lines>
							</lines>
						</method>
						<method name="setResult" signature="(Ljava/lang/String;)V" line-rate="1.0" branch-rate="1.0" complexity="0">
							<lines>
							</lines>
						</method>
						<method name="toString" signature="()Ljava/lang/String;" line-rate="0.0" branch-rate="0.0" complexity="0">
							<lines>
								<line number="16" hits="0" branch="true" condition-coverage="0% (0/24)">
									<conditions>
										<condition number="0" type="jump" coverage="0%"/>
										<condition number="1" type="jump" coverage="0%"/>
										<condition number="2" type="jump" coverage="0%"/>
										<condition number="3" type="jump" coverage="0%"/>
										<condition number="4" type="jump" coverage="0%"/>
										<condition number="5" type="jump" coverage="0%"/>
										<condition number="6" type="jump" coverage="0%"/>
										<condition number="7" type="jump" coverage="0%"/>
										<condition number="8" type="jump" coverage="0%"/>
										<condition number="9" type="jump" coverage="0%"/>
										<condition number="10" type="jump" coverage="0%"/>
										<condition number="11" type="jump" coverage="0%"/>
									</conditions>
								</line>
							</lines>
						</method>
					</methods>
					<lines>
						<line number="16" hits="0" branch="true" condition-coverage="0% (0/24)">
							<conditions>
								<condition number="0" type="jump" coverage="0%"/>
								<condition number="1" type="jump" coverage="0%"/>
								<condition number="2" type="jump" coverage="0%"/>
								<condition number="3" type="jump" coverage="0%"/>
								<condition number="4" type="jump" coverage="0%"/>
								<condition number="5" type="jump" coverage="0%"/>
								<condition number="6" type="jump" coverage="0%"/>
								<condition number="7" type="jump" coverage="0%"/>
								<condition number="8" type="jump" coverage="0%"/>
								<condition number="9" type="jump" coverage="0%"/>
								<condition number="10" type="jump" coverage="0%"/>
								<condition number="11" type="jump" coverage="0%"/>
							</conditions>
						</line>
						<line number="19" hits="0" branch="false"/>
						<line number="21" hits="0" branch="false"/>
						<line number="24" hits="0" branch="false"/>
						<line number="27" hits="0" branch="false"/>
						<line number="29" hits="0" branch="false"/>
						<line number="32" hits="0" branch="false"/>
					</lines>
				</class>
				<class name="com.youzan.pay.unified.cashier.core.model.domain.MchBizLogInfo" filename="com/youzan/pay/unified/cashier/core/model/domain/MchBizLogInfo.java" line-rate="0.0" branch-rate="0.0" complexity="0.0">
					<methods>
						<method name="&lt;init&gt;" signature="()V" line-rate="1.0" branch-rate="1.0" complexity="0">
							<lines>
							</lines>
						</method>
						<method name="canEqual" signature="(Ljava/lang/Object;)Z" line-rate="1.0" branch-rate="1.0" complexity="0">
							<lines>
							</lines>
						</method>
						<method name="equals" signature="(Ljava/lang/Object;)Z" line-rate="1.0" branch-rate="1.0" complexity="0">
							<lines>
							</lines>
						</method>
						<method name="getMchId" signature="()Ljava/lang/String;" line-rate="0.0" branch-rate="1.0" complexity="0">
							<lines>
								<line number="21" hits="0" branch="false"/>
							</lines>
						</method>
						<method name="getPartnerId" signature="()Ljava/lang/String;" line-rate="0.0" branch-rate="1.0" complexity="0">
							<lines>
								<line number="19" hits="0" branch="false"/>
							</lines>
						</method>
						<method name="getPayMethod" signature="()Ljava/lang/String;" line-rate="0.0" branch-rate="1.0" complexity="0">
							<lines>
								<line number="23" hits="0" branch="false"/>
							</lines>
						</method>
						<method name="hashCode" signature="()I" line-rate="0.0" branch-rate="0.0" complexity="0">
							<lines>
								<line number="14" hits="0" branch="true" condition-coverage="0% (0/30)">
									<conditions>
										<condition number="0" type="jump" coverage="0%"/>
										<condition number="1" type="jump" coverage="0%"/>
										<condition number="2" type="jump" coverage="0%"/>
										<condition number="3" type="jump" coverage="0%"/>
										<condition number="4" type="jump" coverage="0%"/>
										<condition number="5" type="jump" coverage="0%"/>
										<condition number="6" type="jump" coverage="0%"/>
										<condition number="7" type="jump" coverage="0%"/>
										<condition number="8" type="jump" coverage="0%"/>
										<condition number="9" type="jump" coverage="0%"/>
										<condition number="10" type="jump" coverage="0%"/>
										<condition number="11" type="jump" coverage="0%"/>
										<condition number="12" type="jump" coverage="0%"/>
										<condition number="13" type="jump" coverage="0%"/>
										<condition number="14" type="jump" coverage="0%"/>
									</conditions>
								</line>
							</lines>
						</method>
						<method name="setMchId" signature="(Ljava/lang/String;)V" line-rate="1.0" branch-rate="1.0" complexity="0">
							<lines>
							</lines>
						</method>
						<method name="setPartnerId" signature="(Ljava/lang/String;)V" line-rate="1.0" branch-rate="1.0" complexity="0">
							<lines>
							</lines>
						</method>
						<method name="setPayMethod" signature="(Ljava/lang/String;)V" line-rate="1.0" branch-rate="1.0" complexity="0">
							<lines>
							</lines>
						</method>
						<method name="toString" signature="()Ljava/lang/String;" line-rate="0.0" branch-rate="1.0" complexity="0">
							<lines>
								<line number="15" hits="0" branch="false"/>
							</lines>
						</method>
					</methods>
					<lines>
						<line number="14" hits="0" branch="true" condition-coverage="0% (0/30)">
							<conditions>
								<condition number="0" type="jump" coverage="0%"/>
								<condition number="1" type="jump" coverage="0%"/>
								<condition number="2" type="jump" coverage="0%"/>
								<condition number="3" type="jump" coverage="0%"/>
								<condition number="4" type="jump" coverage="0%"/>
								<condition number="5" type="jump" coverage="0%"/>
								<condition number="6" type="jump" coverage="0%"/>
								<condition number="7" type="jump" coverage="0%"/>
								<condition number="8" type="jump" coverage="0%"/>
								<condition number="9" type="jump" coverage="0%"/>
								<condition number="10" type="jump" coverage="0%"/>
								<condition number="11" type="jump" coverage="0%"/>
								<condition number="12" type="jump" coverage="0%"/>
								<condition number="13" type="jump" coverage="0%"/>
								<condition number="14" type="jump" coverage="0%"/>
							</conditions>
						</line>
						<line number="15" hits="0" branch="false"/>
						<line number="19" hits="0" branch="false"/>
						<line number="21" hits="0" branch="false"/>
						<line number="23" hits="0" branch="false"/>
					</lines>
				</class>
				<class name="com.youzan.pay.unified.cashier.core.model.domain.QRCodeImage" filename="com/youzan/pay/unified/cashier/core/model/domain/QRCodeImage.java" line-rate="0.0" branch-rate="0.0" complexity="0.0">
					<methods>
						<method name="&lt;init&gt;" signature="()V" line-rate="1.0" branch-rate="1.0" complexity="0">
							<lines>
							</lines>
						</method>
						<method name="canEqual" signature="(Ljava/lang/Object;)Z" line-rate="1.0" branch-rate="1.0" complexity="0">
							<lines>
							</lines>
						</method>
						<method name="equals" signature="(Ljava/lang/Object;)Z" line-rate="1.0" branch-rate="1.0" complexity="0">
							<lines>
							</lines>
						</method>
						<method name="getCodeFormat" signature="()Ljava/lang/String;" line-rate="0.0" branch-rate="1.0" complexity="0">
							<lines>
								<line number="28" hits="0" branch="false"/>
							</lines>
						</method>
						<method name="getCreateTime" signature="()Ljava/util/Date;" line-rate="0.0" branch-rate="1.0" complexity="0">
							<lines>
								<line number="43" hits="0" branch="false"/>
							</lines>
						</method>
						<method name="getErrorCorrectionLevel" signature="()I" line-rate="0.0" branch-rate="1.0" complexity="0">
							<lines>
								<line number="31" hits="0" branch="false"/>
							</lines>
						</method>
						<method name="getExpireTime" signature="()J" line-rate="0.0" branch-rate="1.0" complexity="0">
							<lines>
								<line number="34" hits="0" branch="false"/>
							</lines>
						</method>
						<method name="getHeight" signature="()I" line-rate="0.0" branch-rate="1.0" complexity="0">
							<lines>
								<line number="40" hits="0" branch="false"/>
							</lines>
						</method>
						<method name="getImageFormat" signature="()Ljava/lang/String;" line-rate="0.0" branch-rate="1.0" complexity="0">
							<lines>
								<line number="25" hits="0" branch="false"/>
							</lines>
						</method>
						<method name="getImageNo" signature="()J" line-rate="0.0" branch-rate="1.0" complexity="0">
							<lines>
								<line number="19" hits="0" branch="false"/>
							</lines>
						</method>
						<method name="getPayStatus" signature="()I" line-rate="0.0" branch-rate="1.0" complexity="0">
							<lines>
								<line number="45" hits="0" branch="false"/>
							</lines>
						</method>
						<method name="getUrl" signature="()Ljava/lang/String;" line-rate="0.0" branch-rate="1.0" complexity="0">
							<lines>
								<line number="22" hits="0" branch="false"/>
							</lines>
						</method>
						<method name="getWidth" signature="()I" line-rate="0.0" branch-rate="1.0" complexity="0">
							<lines>
								<line number="37" hits="0" branch="false"/>
							</lines>
						</method>
						<method name="hashCode" signature="()I" line-rate="1.0" branch-rate="1.0" complexity="0">
							<lines>
							</lines>
						</method>
						<method name="setCodeFormat" signature="(Ljava/lang/String;)V" line-rate="1.0" branch-rate="1.0" complexity="0">
							<lines>
							</lines>
						</method>
						<method name="setCreateTime" signature="(Ljava/util/Date;)V" line-rate="1.0" branch-rate="1.0" complexity="0">
							<lines>
							</lines>
						</method>
						<method name="setErrorCorrectionLevel" signature="(I)V" line-rate="1.0" branch-rate="1.0" complexity="0">
							<lines>
							</lines>
						</method>
						<method name="setExpireTime" signature="(J)V" line-rate="1.0" branch-rate="1.0" complexity="0">
							<lines>
							</lines>
						</method>
						<method name="setHeight" signature="(I)V" line-rate="1.0" branch-rate="1.0" complexity="0">
							<lines>
							</lines>
						</method>
						<method name="setImageFormat" signature="(Ljava/lang/String;)V" line-rate="1.0" branch-rate="1.0" complexity="0">
							<lines>
							</lines>
						</method>
						<method name="setImageNo" signature="(J)V" line-rate="1.0" branch-rate="1.0" complexity="0">
							<lines>
							</lines>
						</method>
						<method name="setPayStatus" signature="(I)V" line-rate="1.0" branch-rate="1.0" complexity="0">
							<lines>
							</lines>
						</method>
						<method name="setUrl" signature="(Ljava/lang/String;)V" line-rate="1.0" branch-rate="1.0" complexity="0">
							<lines>
							</lines>
						</method>
						<method name="setWidth" signature="(I)V" line-rate="1.0" branch-rate="1.0" complexity="0">
							<lines>
							</lines>
						</method>
						<method name="toString" signature="()Ljava/lang/String;" line-rate="0.0" branch-rate="0.0" complexity="0">
							<lines>
								<line number="15" hits="0" branch="true" condition-coverage="0% (0/50)">
									<conditions>
										<condition number="0" type="jump" coverage="0%"/>
										<condition number="1" type="jump" coverage="0%"/>
										<condition number="2" type="jump" coverage="0%"/>
										<condition number="3" type="jump" coverage="0%"/>
										<condition number="4" type="jump" coverage="0%"/>
										<condition number="5" type="jump" coverage="0%"/>
										<condition number="6" type="jump" coverage="0%"/>
										<condition number="7" type="jump" coverage="0%"/>
										<condition number="8" type="jump" coverage="0%"/>
										<condition number="9" type="jump" coverage="0%"/>
										<condition number="10" type="jump" coverage="0%"/>
										<condition number="11" type="jump" coverage="0%"/>
										<condition number="12" type="jump" coverage="0%"/>
										<condition number="13" type="jump" coverage="0%"/>
										<condition number="14" type="jump" coverage="0%"/>
										<condition number="15" type="jump" coverage="0%"/>
										<condition number="16" type="jump" coverage="0%"/>
										<condition number="17" type="jump" coverage="0%"/>
										<condition number="18" type="jump" coverage="0%"/>
										<condition number="19" type="jump" coverage="0%"/>
										<condition number="20" type="jump" coverage="0%"/>
										<condition number="21" type="jump" coverage="0%"/>
										<condition number="22" type="jump" coverage="0%"/>
										<condition number="23" type="jump" coverage="0%"/>
										<condition number="24" type="jump" coverage="0%"/>
									</conditions>
								</line>
							</lines>
						</method>
					</methods>
					<lines>
						<line number="15" hits="0" branch="true" condition-coverage="0% (0/50)">
							<conditions>
								<condition number="0" type="jump" coverage="0%"/>
								<condition number="1" type="jump" coverage="0%"/>
								<condition number="2" type="jump" coverage="0%"/>
								<condition number="3" type="jump" coverage="0%"/>
								<condition number="4" type="jump" coverage="0%"/>
								<condition number="5" type="jump" coverage="0%"/>
								<condition number="6" type="jump" coverage="0%"/>
								<condition number="7" type="jump" coverage="0%"/>
								<condition number="8" type="jump" coverage="0%"/>
								<condition number="9" type="jump" coverage="0%"/>
								<condition number="10" type="jump" coverage="0%"/>
								<condition number="11" type="jump" coverage="0%"/>
								<condition number="12" type="jump" coverage="0%"/>
								<condition number="13" type="jump" coverage="0%"/>
								<condition number="14" type="jump" coverage="0%"/>
								<condition number="15" type="jump" coverage="0%"/>
								<condition number="16" type="jump" coverage="0%"/>
								<condition number="17" type="jump" coverage="0%"/>
								<condition number="18" type="jump" coverage="0%"/>
								<condition number="19" type="jump" coverage="0%"/>
								<condition number="20" type="jump" coverage="0%"/>
								<condition number="21" type="jump" coverage="0%"/>
								<condition number="22" type="jump" coverage="0%"/>
								<condition number="23" type="jump" coverage="0%"/>
								<condition number="24" type="jump" coverage="0%"/>
							</conditions>
						</line>
						<line number="19" hits="0" branch="false"/>
						<line number="22" hits="0" branch="false"/>
						<line number="25" hits="0" branch="false"/>
						<line number="28" hits="0" branch="false"/>
						<line number="31" hits="0" branch="false"/>
						<line number="34" hits="0" branch="false"/>
						<line number="37" hits="0" branch="false"/>
						<line number="40" hits="0" branch="false"/>
						<line number="43" hits="0" branch="false"/>
						<line number="45" hits="0" branch="false"/>
					</lines>
				</class>
			</classes>
		</package>
	</packages>
</coverage>
