<?xml version="1.0" encoding="UTF-8"?>
<testsuite name="com.youzan.pay.unified.cashier.intergration.client.UserMerchantServiceClientTest" time="1.021" tests="2" errors="2" skipped="0" failures="0">
  <properties>
[...]
</properties>
  <testcase name="queryMchByUserIdEx" classname="com.youzan.pay.unified.cashier.intergration.client.UserMerchantServiceClientTest" time="0.507">
    <error message="Failed to load ApplicationContext" type="java.lang.IllegalStateException">java.lang.IllegalStateException: Failed to load ApplicationContext
	at org.springframework.test.context.CacheAwareContextLoaderDelegate.loadContext(CacheAwareContextLoaderDelegate.java:103)
	at org.springframework.test.context.TestContext.getApplicationContext(TestContext.java:122)
	at org.springframework.test.context.support.DependencyInjectionTestExecutionListener.injectDependencies(DependencyInjectionTestExecutionListener.java:109)
	at org.springframework.test.context.support.DependencyInjectionTestExecutionListener.prepareTestInstance(DependencyInjectionTestExecutionListener.java:75)
	at org.springframework.test.context.TestContextManager.prepareTestInstance(TestContextManager.java:321)
	at org.springframework.test.context.junit4.SpringJUnit4ClassRunner.createTest(SpringJUnit4ClassRunner.java:211)
	at org.springframework.test.context.junit4.SpringJUnit4ClassRunner$1.runReflectiveCall(SpringJUnit4ClassRunner.java:288)
	at org.junit.internal.runners.model.ReflectiveCallable.run(ReflectiveCallable.java:12)
	at org.springframework.test.context.junit4.SpringJUnit4ClassRunner.methodBlock(SpringJUnit4ClassRunner.java:284)
	at org.springframework.test.context.junit4.SpringJUnit4ClassRunner.runChild(SpringJUnit4ClassRunner.java:231)
	at org.springframework.test.context.junit4.SpringJUnit4ClassRunner.runChild(SpringJUnit4ClassRunner.java:88)
	at org.junit.runners.ParentRunner$3.run(ParentRunner.java:290)
	at org.junit.runners.ParentRunner$1.schedule(ParentRunner.java:71)
	at org.junit.runners.ParentRunner.runChildren(ParentRunner.java:288)
	at org.junit.runners.ParentRunner.access$000(ParentRunner.java:58)
	at org.junit.runners.ParentRunner$2.evaluate(ParentRunner.java:268)
	at org.springframework.test.context.junit4.statements.RunBeforeTestClassCallbacks.evaluate(RunBeforeTestClassCallbacks.java:61)
	at org.springframework.test.context.junit4.statements.RunAfterTestClassCallbacks.evaluate(RunAfterTestClassCallbacks.java:71)
	at org.junit.runners.ParentRunner.run(ParentRunner.java:363)
	at org.springframework.test.context.junit4.SpringJUnit4ClassRunner.run(SpringJUnit4ClassRunner.java:174)
	at org.apache.maven.surefire.junit4.JUnit4Provider.execute(JUnit4Provider.java:283)
	at org.apache.maven.surefire.junit4.JUnit4Provider.executeWithRerun(JUnit4Provider.java:173)
	at org.apache.maven.surefire.junit4.JUnit4Provider.executeTestSet(JUnit4Provider.java:153)
	at org.apache.maven.surefire.junit4.JUnit4Provider.invoke(JUnit4Provider.java:128)
	at org.apache.maven.surefire.booter.ForkedBooter.invokeProviderInSameClassLoader(ForkedBooter.java:203)
	at org.apache.maven.surefire.booter.ForkedBooter.runSuitesInProcess(ForkedBooter.java:155)
	at org.apache.maven.surefire.booter.ForkedBooter.main(ForkedBooter.java:103)
Caused by: org.springframework.beans.factory.BeanCreationException: Error creating bean with name 'queryPayToolConfigServiceClient': Injection of resource dependencies failed; nested exception is org.springframework.beans.factory.NoSuchBeanDefinitionException: No qualifying bean of type [com.youzan.pay.core.cache.redis.RedisCacheManager] found for dependency: expected at least 1 bean which qualifies as autowire candidate for this dependency. Dependency annotations: {@javax.annotation.Resource(shareable=true, lookup=, name=, description=, authenticationType=CONTAINER, type=class java.lang.Object, mappedName=)}
	at org.springframework.context.annotation.CommonAnnotationBeanPostProcessor.postProcessPropertyValues(CommonAnnotationBeanPostProcessor.java:307)
	at org.springframework.beans.factory.support.AbstractAutowireCapableBeanFactory.populateBean(AbstractAutowireCapableBeanFactory.java:1148)
	at org.springframework.beans.factory.support.AbstractAutowireCapableBeanFactory.doCreateBean(AbstractAutowireCapableBeanFactory.java:519)
	at org.springframework.beans.factory.support.AbstractAutowireCapableBeanFactory.createBean(AbstractAutowireCapableBeanFactory.java:458)
	at org.springframework.beans.factory.support.AbstractBeanFactory$1.getObject(AbstractBeanFactory.java:293)
	at org.springframework.beans.factory.support.DefaultSingletonBeanRegistry.getSingleton(DefaultSingletonBeanRegistry.java:223)
	at org.springframework.beans.factory.support.AbstractBeanFactory.doGetBean(AbstractBeanFactory.java:290)
	at org.springframework.beans.factory.support.AbstractBeanFactory.getBean(AbstractBeanFactory.java:191)
	at org.springframework.beans.factory.support.DefaultListableBeanFactory.preInstantiateSingletons(DefaultListableBeanFactory.java:636)
	at org.springframework.context.support.AbstractApplicationContext.finishBeanFactoryInitialization(AbstractApplicationContext.java:934)
	at org.springframework.context.support.AbstractApplicationContext.refresh(AbstractApplicationContext.java:479)
	at org.springframework.test.context.support.AbstractGenericContextLoader.loadContext(AbstractGenericContextLoader.java:120)
	at org.springframework.test.context.support.AbstractGenericContextLoader.loadContext(AbstractGenericContextLoader.java:60)
	at org.springframework.test.context.support.AbstractDelegatingSmartContextLoader.delegateLoading(AbstractDelegatingSmartContextLoader.java:102)
	at org.springframework.test.context.support.AbstractDelegatingSmartContextLoader.loadContext(AbstractDelegatingSmartContextLoader.java:246)
	at org.springframework.test.context.CacheAwareContextLoaderDelegate.loadContextInternal(CacheAwareContextLoaderDelegate.java:69)
	at org.springframework.test.context.CacheAwareContextLoaderDelegate.loadContext(CacheAwareContextLoaderDelegate.java:95)
	at org.springframework.test.context.TestContext.getApplicationContext(TestContext.java:122)
	at org.springframework.test.context.support.DependencyInjectionTestExecutionListener.injectDependencies(DependencyInjectionTestExecutionListener.java:109)
	at org.springframework.test.context.support.DependencyInjectionTestExecutionListener.prepareTestInstance(DependencyInjectionTestExecutionListener.java:75)
	at org.springframework.test.context.TestContextManager.prepareTestInstance(TestContextManager.java:321)
	at org.springframework.test.context.junit4.SpringJUnit4ClassRunner.createTest(SpringJUnit4ClassRunner.java:211)
	at org.springframework.test.context.junit4.SpringJUnit4ClassRunner$1.runReflectiveCall(SpringJUnit4ClassRunner.java:288)
	at org.junit.internal.runners.model.ReflectiveCallable.run(ReflectiveCallable.java:12)
	at org.springframework.test.context.junit4.SpringJUnit4ClassRunner.methodBlock(SpringJUnit4ClassRunner.java:284)
	at org.springframework.test.context.junit4.SpringJUnit4ClassRunner.runChild(SpringJUnit4ClassRunner.java:231)
	at org.springframework.test.context.junit4.SpringJUnit4ClassRunner.runChild(SpringJUnit4ClassRunner.java:88)
	at org.junit.runners.ParentRunner$3.run(ParentRunner.java:290)
	at org.junit.runners.ParentRunner$1.schedule(ParentRunner.java:71)
	at org.junit.runners.ParentRunner.runChildren(ParentRunner.java:288)
	at org.junit.runners.ParentRunner.access$000(ParentRunner.java:58)
	at org.junit.runners.ParentRunner$2.evaluate(ParentRunner.java:268)
	at org.springframework.test.context.junit4.statements.RunBeforeTestClassCallbacks.evaluate(RunBeforeTestClassCallbacks.java:61)
	at org.springframework.test.context.junit4.statements.RunAfterTestClassCallbacks.evaluate(RunAfterTestClassCallbacks.java:71)
	at org.junit.runners.ParentRunner.run(ParentRunner.java:363)
	at org.springframework.test.context.junit4.SpringJUnit4ClassRunner.run(SpringJUnit4ClassRunner.java:174)
	at org.apache.maven.surefire.junit4.JUnit4Provider.execute(JUnit4Provider.java:283)
	at org.apache.maven.surefire.junit4.JUnit4Provider.executeWithRerun(JUnit4Provider.java:173)
	at org.apache.maven.surefire.junit4.JUnit4Provider.executeTestSet(JUnit4Provider.java:153)
	at org.apache.maven.surefire.junit4.JUnit4Provider.invoke(JUnit4Provider.java:128)
	at org.apache.maven.surefire.booter.ForkedBooter.invokeProviderInSameClassLoader(ForkedBooter.java:203)
	at org.apache.maven.surefire.booter.ForkedBooter.runSuitesInProcess(ForkedBooter.java:155)
	at org.apache.maven.surefire.booter.ForkedBooter.main(ForkedBooter.java:103)
Caused by: org.springframework.beans.factory.NoSuchBeanDefinitionException: No qualifying bean of type [com.youzan.pay.core.cache.redis.RedisCacheManager] found for dependency: expected at least 1 bean which qualifies as autowire candidate for this dependency. Dependency annotations: {@javax.annotation.Resource(shareable=true, lookup=, name=, description=, authenticationType=CONTAINER, type=class java.lang.Object, mappedName=)}
	at org.springframework.beans.factory.support.DefaultListableBeanFactory.raiseNoSuchBeanDefinitionException(DefaultListableBeanFactory.java:997)
	at org.springframework.beans.factory.support.DefaultListableBeanFactory.doResolveDependency(DefaultListableBeanFactory.java:867)
	at org.springframework.beans.factory.support.DefaultListableBeanFactory.resolveDependency(DefaultListableBeanFactory.java:779)
	at org.springframework.context.annotation.CommonAnnotationBeanPostProcessor.autowireResource(CommonAnnotationBeanPostProcessor.java:445)
	at org.springframework.context.annotation.CommonAnnotationBeanPostProcessor.getResource(CommonAnnotationBeanPostProcessor.java:423)
	at org.springframework.context.annotation.CommonAnnotationBeanPostProcessor$ResourceElement.getResourceToInject(CommonAnnotationBeanPostProcessor.java:551)
	at org.springframework.beans.factory.annotation.InjectionMetadata$InjectedElement.inject(InjectionMetadata.java:169)
	at org.springframework.beans.factory.annotation.InjectionMetadata.inject(InjectionMetadata.java:88)
	at org.springframework.context.annotation.CommonAnnotationBeanPostProcessor.postProcessPropertyValues(CommonAnnotationBeanPostProcessor.java:304)
	at org.springframework.beans.factory.support.AbstractAutowireCapableBeanFactory.populateBean(AbstractAutowireCapableBeanFactory.java:1148)
	at org.springframework.beans.factory.support.AbstractAutowireCapableBeanFactory.doCreateBean(AbstractAutowireCapableBeanFactory.java:519)
	at org.springframework.beans.factory.support.AbstractAutowireCapableBeanFactory.createBean(AbstractAutowireCapableBeanFactory.java:458)
	at org.springframework.beans.factory.support.AbstractBeanFactory$1.getObject(AbstractBeanFactory.java:293)
	at org.springframework.beans.factory.support.DefaultSingletonBeanRegistry.getSingleton(DefaultSingletonBeanRegistry.java:223)
	at org.springframework.beans.factory.support.AbstractBeanFactory.doGetBean(AbstractBeanFactory.java:290)
	at org.springframework.beans.factory.support.AbstractBeanFactory.getBean(AbstractBeanFactory.java:191)
	at org.springframework.beans.factory.support.DefaultListableBeanFactory.preInstantiateSingletons(DefaultListableBeanFactory.java:636)
	at org.springframework.context.support.AbstractApplicationContext.finishBeanFactoryInitialization(AbstractApplicationContext.java:934)
	at org.springframework.context.support.AbstractApplicationContext.refresh(AbstractApplicationContext.java:479)
	at org.springframework.test.context.support.AbstractGenericContextLoader.loadContext(AbstractGenericContextLoader.java:120)
	at org.springframework.test.context.support.AbstractGenericContextLoader.loadContext(AbstractGenericContextLoader.java:60)
	at org.springframework.test.context.support.AbstractDelegatingSmartContextLoader.delegateLoading(AbstractDelegatingSmartContextLoader.java:102)
	at org.springframework.test.context.support.AbstractDelegatingSmartContextLoader.loadContext(AbstractDelegatingSmartContextLoader.java:246)
	at org.springframework.test.context.CacheAwareContextLoaderDelegate.loadContextInternal(CacheAwareContextLoaderDelegate.java:69)
	at org.springframework.test.context.CacheAwareContextLoaderDelegate.loadContext(CacheAwareContextLoaderDelegate.java:95)
	at org.springframework.test.context.TestContext.getApplicationContext(TestContext.java:122)
	at org.springframework.test.context.support.DependencyInjectionTestExecutionListener.injectDependencies(DependencyInjectionTestExecutionListener.java:109)
	at org.springframework.test.context.support.DependencyInjectionTestExecutionListener.prepareTestInstance(DependencyInjectionTestExecutionListener.java:75)
	at org.springframework.test.context.TestContextManager.prepareTestInstance(TestContextManager.java:321)
	at org.springframework.test.context.junit4.SpringJUnit4ClassRunner.createTest(SpringJUnit4ClassRunner.java:211)
	at org.springframework.test.context.junit4.SpringJUnit4ClassRunner$1.runReflectiveCall(SpringJUnit4ClassRunner.java:288)
	at org.junit.internal.runners.model.ReflectiveCallable.run(ReflectiveCallable.java:12)
	at org.springframework.test.context.junit4.SpringJUnit4ClassRunner.methodBlock(SpringJUnit4ClassRunner.java:284)
	at org.springframework.test.context.junit4.SpringJUnit4ClassRunner.runChild(SpringJUnit4ClassRunner.java:231)
	at org.springframework.test.context.junit4.SpringJUnit4ClassRunner.runChild(SpringJUnit4ClassRunner.java:88)
	at org.junit.runners.ParentRunner$3.run(ParentRunner.java:290)
	at org.junit.runners.ParentRunner$1.schedule(ParentRunner.java:71)
	at org.junit.runners.ParentRunner.runChildren(ParentRunner.java:288)
	at org.junit.runners.ParentRunner.access$000(ParentRunner.java:58)
	at org.junit.runners.ParentRunner$2.evaluate(ParentRunner.java:268)
	at org.springframework.test.context.junit4.statements.RunBeforeTestClassCallbacks.evaluate(RunBeforeTestClassCallbacks.java:61)
	at org.springframework.test.context.junit4.statements.RunAfterTestClassCallbacks.evaluate(RunAfterTestClassCallbacks.java:71)
	at org.junit.runners.ParentRunner.run(ParentRunner.java:363)
	at org.springframework.test.context.junit4.SpringJUnit4ClassRunner.run(SpringJUnit4ClassRunner.java:174)
	at org.apache.maven.surefire.junit4.JUnit4Provider.execute(JUnit4Provider.java:283)
	at org.apache.maven.surefire.junit4.JUnit4Provider.executeWithRerun(JUnit4Provider.java:173)
	at org.apache.maven.surefire.junit4.JUnit4Provider.executeTestSet(JUnit4Provider.java:153)
	at org.apache.maven.surefire.junit4.JUnit4Provider.invoke(JUnit4Provider.java:128)
	at org.apache.maven.surefire.booter.ForkedBooter.invokeProviderInSameClassLoader(ForkedBooter.java:203)
	at org.apache.maven.surefire.booter.ForkedBooter.runSuitesInProcess(ForkedBooter.java:155)
	at org.apache.maven.surefire.booter.ForkedBooter.main(ForkedBooter.java:103)
</error>
    <system-out><![CDATA[2017-08-28 17:42:01.993 [main] DEBUG o.s.t.c.support.DirtiesContextTestExecutionListener - After test class: context [[TestContext@377b520e testClass = QueryPayToolConfigServiceClietTest, testInstance = [null], testMethod = [null], testException = [null], mergedContextConfiguration = [MergedContextConfiguration@5944fe2a testClass = QueryPayToolConfigServiceClietTest, locations = '{classpath*:META-INF/spring/*.xml}', classes = '{}', contextInitializerClasses = '[]', activeProfiles = '{}', contextLoader = 'org.springframework.test.context.support.DelegatingSmartContextLoader', parent = [null]]]], dirtiesContext [false].
2017-08-28 17:42:01.993 [main] DEBUG o.s.test.context.junit4.SpringJUnit4ClassRunner - SpringJUnit4ClassRunner constructor called with [class com.youzan.pay.unified.cashier.intergration.client.UserMerchantServiceClientTest].
2017-08-28 17:42:01.994 [main] DEBUG o.s.t.c.support.AbstractDelegatingSmartContextLoader - Delegating to GenericXmlContextLoader to process context configuration [ContextConfigurationAttributes@2326f67f declaringClass = 'com.youzan.pay.unified.cashier.intergration.BaseTest', classes = '{}', locations = '{classpath*:META-INF/spring/*.xml}', inheritLocations = true, initializers = '{}', inheritInitializers = true, name = [null], contextLoaderClass = 'org.springframework.test.context.ContextLoader'].
2017-08-28 17:42:01.994 [main] DEBUG org.springframework.test.context.ContextLoaderUtils - Could not find an 'annotation declaring class' for annotation type [org.springframework.test.context.ActiveProfiles] and class [com.youzan.pay.unified.cashier.intergration.client.UserMerchantServiceClientTest]
2017-08-28 17:42:01.994 [main] DEBUG org.springframework.test.context.TestContextManager - @TestExecutionListeners is not present for class [com.youzan.pay.unified.cashier.intergration.client.UserMerchantServiceClientTest]: using defaults.
2017-08-28 17:42:01.994 [main] DEBUG org.springframework.test.annotation.ProfileValueUtils - Retrieved @ProfileValueSourceConfiguration [null] for test class [com.youzan.pay.unified.cashier.intergration.client.UserMerchantServiceClientTest]
2017-08-28 17:42:01.994 [main] DEBUG org.springframework.test.annotation.ProfileValueUtils - Retrieved ProfileValueSource type [class org.springframework.test.annotation.SystemProfileValueSource] for class [com.youzan.pay.unified.cashier.intergration.client.UserMerchantServiceClientTest]
2017-08-28 17:42:01.994 [main] DEBUG org.springframework.test.annotation.ProfileValueUtils - Retrieved @ProfileValueSourceConfiguration [null] for test class [com.youzan.pay.unified.cashier.intergration.client.UserMerchantServiceClientTest]
2017-08-28 17:42:01.994 [main] DEBUG org.springframework.test.annotation.ProfileValueUtils - Retrieved ProfileValueSource type [class org.springframework.test.annotation.SystemProfileValueSource] for class [com.youzan.pay.unified.cashier.intergration.client.UserMerchantServiceClientTest]
2017-08-28 17:42:01.994 [main] DEBUG org.springframework.test.annotation.ProfileValueUtils - Retrieved @ProfileValueSourceConfiguration [null] for test class [com.youzan.pay.unified.cashier.intergration.client.UserMerchantServiceClientTest]
2017-08-28 17:42:01.994 [main] DEBUG org.springframework.test.annotation.ProfileValueUtils - Retrieved ProfileValueSource type [class org.springframework.test.annotation.SystemProfileValueSource] for class [com.youzan.pay.unified.cashier.intergration.client.UserMerchantServiceClientTest]
2017-08-28 17:42:01.994 [main] DEBUG o.s.t.c.support.DependencyInjectionTestExecutionListener - Performing dependency injection for test context [[TestContext@51f8d638 testClass = UserMerchantServiceClientTest, testInstance = com.youzan.pay.unified.cashier.intergration.client.UserMerchantServiceClientTest@443d538f, testMethod = [null], testException = [null], mergedContextConfiguration = [MergedContextConfiguration@613b4246 testClass = UserMerchantServiceClientTest, locations = '{classpath*:META-INF/spring/*.xml}', classes = '{}', contextInitializerClasses = '[]', activeProfiles = '{}', contextLoader = 'org.springframework.test.context.support.DelegatingSmartContextLoader', parent = [null]]]].
2017-08-28 17:42:01.995 [main] DEBUG o.s.t.c.support.AbstractDelegatingSmartContextLoader - Delegating to GenericXmlContextLoader to load context from [MergedContextConfiguration@613b4246 testClass = UserMerchantServiceClientTest, locations = '{classpath*:META-INF/spring/*.xml}', classes = '{}', contextInitializerClasses = '[]', activeProfiles = '{}', contextLoader = 'org.springframework.test.context.support.DelegatingSmartContextLoader', parent = [null]].
2017-08-28 17:42:01.995 [main] DEBUG o.s.test.context.support.AbstractGenericContextLoader - Loading ApplicationContext for merged context configuration [[MergedContextConfiguration@613b4246 testClass = UserMerchantServiceClientTest, locations = '{classpath*:META-INF/spring/*.xml}', classes = '{}', contextInitializerClasses = '[]', activeProfiles = '{}', contextLoader = 'org.springframework.test.context.support.DelegatingSmartContextLoader', parent = [null]]].
2017-08-28 17:42:01.995 [main] DEBUG org.springframework.core.env.StandardEnvironment - Adding [systemProperties] PropertySource with lowest search precedence
2017-08-28 17:42:01.995 [main] DEBUG org.springframework.core.env.StandardEnvironment - Adding [systemEnvironment] PropertySource with lowest search precedence
2017-08-28 17:42:01.995 [main] DEBUG org.springframework.core.env.StandardEnvironment - Initialized StandardEnvironment with PropertySources [systemProperties,systemEnvironment]
2017-08-28 17:42:01.996 [main] DEBUG o.s.core.io.support.PathMatchingResourcePatternResolver - Looking for matching resources in directory tree [/Users/wulonghui/work/unified_cashier/intergration/target/test-classes/META-INF/spring]
2017-08-28 17:42:01.996 [main] DEBUG o.s.core.io.support.PathMatchingResourcePatternResolver - Searching directory [/Users/wulonghui/work/unified_cashier/intergration/target/test-classes/META-INF/spring] for files matching pattern [/Users/wulonghui/work/unified_cashier/intergration/target/test-classes/META-INF/spring/*.xml]
2017-08-28 17:42:01.996 [main] DEBUG o.s.core.io.support.PathMatchingResourcePatternResolver - Looking for matching resources in directory tree [/Users/wulonghui/work/unified_cashier/intergration/target/classes/META-INF/spring]
2017-08-28 17:42:01.996 [main] DEBUG o.s.core.io.support.PathMatchingResourcePatternResolver - Searching directory [/Users/wulonghui/work/unified_cashier/intergration/target/classes/META-INF/spring] for files matching pattern [/Users/wulonghui/work/unified_cashier/intergration/target/classes/META-INF/spring/*.xml]
2017-08-28 17:42:01.996 [main] DEBUG o.s.core.io.support.PathMatchingResourcePatternResolver - Looking for matching resources in jar file [file:/Users/wulonghui/.m2/repository/com/youzan/platform/bootstrap/3.0.9-RELEASE/bootstrap-3.0.9-RELEASE.jar]
2017-08-28 17:42:01.996 [main] DEBUG o.s.core.io.support.PathMatchingResourcePatternResolver - Looking for matching resources in jar file [file:/Users/wulonghui/.m2/repository/com/youzan/nova/framework/framework-cat/1.0.7-RELEASE/framework-cat-1.0.7-RELEASE.jar]
2017-08-28 17:42:01.996 [main] DEBUG o.s.core.io.support.PathMatchingResourcePatternResolver - Resolved location pattern [classpath*:META-INF/spring/*.xml] to resources [file [/Users/wulonghui/work/unified_cashier/intergration/target/test-classes/META-INF/spring/spring-test-config.xml], file [/Users/wulonghui/work/unified_cashier/intergration/target/classes/META-INF/spring/spring-dubbo-services.xml], URL [jar:file:/Users/wulonghui/.m2/repository/com/youzan/platform/bootstrap/3.0.9-RELEASE/bootstrap-3.0.9-RELEASE.jar!/META-INF/spring/container.xml], URL [jar:file:/Users/wulonghui/.m2/repository/com/youzan/nova/framework/framework-cat/1.0.7-RELEASE/framework-cat-1.0.7-RELEASE.jar!/META-INF/spring/framework-cat-context.xml]]
2017-08-28 17:42:01.996 [main] INFO  o.s.beans.factory.xml.XmlBeanDefinitionReader - Loading XML bean definitions from file [/Users/wulonghui/work/unified_cashier/intergration/target/test-classes/META-INF/spring/spring-test-config.xml]
2017-08-28 17:42:01.997 [main] DEBUG o.s.beans.factory.xml.DefaultDocumentLoader - Using JAXP provider [com.sun.org.apache.xerces.internal.jaxp.DocumentBuilderFactoryImpl]
2017-08-28 17:42:01.997 [main] DEBUG o.s.beans.factory.xml.PluggableSchemaResolver - Loading schema mappings from [META-INF/spring.schemas]
2017-08-28 17:42:01.999 [main] DEBUG o.s.beans.factory.xml.PluggableSchemaResolver - Loaded schema mappings: {http://mybatis.org/schema/mybatis-spring-1.2.xsd=org/mybatis/spring/config/mybatis-spring-1.2.xsd, http://code.alibabatech.com/schema/dubbo/dubbo.xsd=META-INF/dubbo.xsd, http://www.springframework.org/schema/util/spring-util.xsd=org/springframework/beans/factory/xml/spring-util-3.2.xsd, http://www.springframework.org/schema/jee/spring-jee-3.2.xsd=org/springframework/ejb/config/spring-jee-3.2.xsd, http://www.springframework.org/schema/beans/spring-beans-3.1.xsd=org/springframework/beans/factory/xml/spring-beans-3.1.xsd, http://www.springframework.org/schema/task/spring-task.xsd=org/springframework/scheduling/config/spring-task-3.2.xsd, http://www.springframework.org/schema/cache/spring-cache.xsd=org/springframework/cache/config/spring-cache-3.2.xsd, http://www.springframework.org/schema/aop/spring-aop-3.0.xsd=org/springframework/aop/config/spring-aop-3.0.xsd, http://www.springframework.org/schema/aop/spring-aop-2.0.xsd=org/springframework/aop/config/spring-aop-2.0.xsd, http://www.springframework.org/schema/task/spring-task-3.1.xsd=org/springframework/scheduling/config/spring-task-3.1.xsd, http://www.springframework.org/schema/tool/spring-tool-2.5.xsd=org/springframework/beans/factory/xml/spring-tool-2.5.xsd, http://www.springframework.org/schema/beans/spring-beans.xsd=org/springframework/beans/factory/xml/spring-beans-3.2.xsd, http://www.springframework.org/schema/jee/spring-jee-2.5.xsd=org/springframework/ejb/config/spring-jee-2.5.xsd, http://www.springframework.org/schema/jdbc/spring-jdbc-3.1.xsd=org/springframework/jdbc/config/spring-jdbc-3.1.xsd, http://www.springframework.org/schema/tool/spring-tool-3.1.xsd=org/springframework/beans/factory/xml/spring-tool-3.1.xsd, http://code.alibabatech.com/schema/dubbo/nova.xsd=META-INF/nova.xsd, http://www.springframework.org/schema/aop/spring-aop.xsd=org/springframework/aop/config/spring-aop-3.2.xsd, http://www.springframework.org/schema/jee/spring-jee-3.1.xsd=org/springframework/ejb/config/spring-jee-3.1.xsd, http://www.springframework.org/schema/tx/spring-tx-3.2.xsd=org/springframework/transaction/config/spring-tx-3.2.xsd, http://www.springframework.org/schema/context/spring-context-3.2.xsd=org/springframework/context/config/spring-context-3.2.xsd, http://www.springframework.org/schema/util/spring-util-3.2.xsd=org/springframework/beans/factory/xml/spring-util-3.2.xsd, http://www.springframework.org/schema/beans/spring-beans-2.0.xsd=org/springframework/beans/factory/xml/spring-beans-2.0.xsd, http://www.springframework.org/schema/lang/spring-lang-3.2.xsd=org/springframework/scripting/config/spring-lang-3.2.xsd, http://www.springframework.org/schema/beans/spring-beans-3.0.xsd=org/springframework/beans/factory/xml/spring-beans-3.0.xsd, http://www.springframework.org/schema/cache/spring-cache-3.2.xsd=org/springframework/cache/config/spring-cache-3.2.xsd, http://www.springframework.org/schema/task/spring-task-3.0.xsd=org/springframework/scheduling/config/spring-task-3.0.xsd, http://mybatis.org/schema/mybatis-spring.xsd=org/mybatis/spring/config/mybatis-spring-1.2.xsd, http://www.springframework.org/schema/tx/spring-tx-2.5.xsd=org/springframework/transaction/config/spring-tx-2.5.xsd, http://www.springframework.org/schema/context/spring-context-2.5.xsd=org/springframework/context/config/spring-context-2.5.xsd, http://www.springframework.org/schema/jdbc/spring-jdbc-3.0.xsd=org/springframework/jdbc/config/spring-jdbc-3.0.xsd, http://www.springframework.org/schema/tool/spring-tool-3.0.xsd=org/springframework/beans/factory/xml/spring-tool-3.0.xsd, http://www.springframework.org/schema/tx/spring-tx.xsd=org/springframework/transaction/config/spring-tx-3.2.xsd, http://www.springframework.org/schema/util/spring-util-2.5.xsd=org/springframework/beans/factory/xml/spring-util-2.5.xsd, http://www.springframework.org/schema/tool/spring-tool-2.0.xsd=org/springframework/beans/factory/xml/spring-tool-2.0.xsd, http://www.springframework.org/schema/lang/spring-lang.xsd=org/springframework/scripting/config/spring-lang-3.2.xsd, http://www.springframework.org/schema/lang/spring-lang-2.5.xsd=org/springframework/scripting/config/spring-lang-2.5.xsd, http://www.springframework.org/schema/aop/spring-aop-3.2.xsd=org/springframework/aop/config/spring-aop-3.2.xsd, http://www.springframework.org/schema/jee/spring-jee-3.0.xsd=org/springframework/ejb/config/spring-jee-3.0.xsd, http://www.springframework.org/schema/tx/spring-tx-3.1.xsd=org/springframework/transaction/config/spring-tx-3.1.xsd, http://www.springframework.org/schema/jee/spring-jee-2.0.xsd=org/springframework/ejb/config/spring-jee-2.0.xsd, http://www.springframework.org/schema/context/spring-context-3.1.xsd=org/springframework/context/config/spring-context-3.1.xsd, http://www.springframework.org/schema/util/spring-util-3.1.xsd=org/springframework/beans/factory/xml/spring-util-3.1.xsd, http://www.springframework.org/schema/lang/spring-lang-3.1.xsd=org/springframework/scripting/config/spring-lang-3.1.xsd, http://www.springframework.org/schema/cache/spring-cache-3.1.xsd=org/springframework/cache/config/spring-cache-3.1.xsd, http://www.springframework.org/schema/context/spring-context.xsd=org/springframework/context/config/spring-context-3.2.xsd, http://www.springframework.org/schema/jee/spring-jee.xsd=org/springframework/ejb/config/spring-jee-3.2.xsd, http://www.youzan.com/schema/nsq/spring-nsq-1.0.1.xsd=META-INF/spring-nsq-1.0.1.xsd, http://www.springframework.org/schema/aop/spring-aop-2.5.xsd=org/springframework/aop/config/spring-aop-2.5.xsd, http://www.springframework.org/schema/jdbc/spring-jdbc.xsd=org/springframework/jdbc/config/spring-jdbc-3.2.xsd, http://www.youzan.com/schema/nsq/spring-nsq-1.0.xsd=META-INF/spring-nsq-1.0.xsd, http://www.springframework.org/schema/beans/spring-beans-3.2.xsd=org/springframework/beans/factory/xml/spring-beans-3.2.xsd, http://www.springframework.org/schema/tx/spring-tx-2.0.xsd=org/springframework/transaction/config/spring-tx-2.0.xsd, http://www.springframework.org/schema/aop/spring-aop-3.1.xsd=org/springframework/aop/config/spring-aop-3.1.xsd, http://www.springframework.org/schema/task/spring-task-3.2.xsd=org/springframework/scheduling/config/spring-task-3.2.xsd, http://www.springframework.org/schema/tx/spring-tx-3.0.xsd=org/springframework/transaction/config/spring-tx-3.0.xsd, http://www.springframework.org/schema/context/spring-context-3.0.xsd=org/springframework/context/config/spring-context-3.0.xsd, http://www.springframework.org/schema/tool/spring-tool.xsd=org/springframework/beans/factory/xml/spring-tool-3.2.xsd, http://www.youzan.com/schema/task/spring-task-1.0.xsd=META-INF/spring-task-1.0.xsd, http://www.springframework.org/schema/util/spring-util-3.0.xsd=org/springframework/beans/factory/xml/spring-util-3.0.xsd, http://www.springframework.org/schema/util/spring-util-2.0.xsd=org/springframework/beans/factory/xml/spring-util-2.0.xsd, http://www.springframework.org/schema/lang/spring-lang-3.0.xsd=org/springframework/scripting/config/spring-lang-3.0.xsd, http://www.springframework.org/schema/lang/spring-lang-2.0.xsd=org/springframework/scripting/config/spring-lang-2.0.xsd, http://www.springframework.org/schema/jdbc/spring-jdbc-3.2.xsd=org/springframework/jdbc/config/spring-jdbc-3.2.xsd, http://www.springframework.org/schema/tool/spring-tool-3.2.xsd=org/springframework/beans/factory/xml/spring-tool-3.2.xsd, http://www.springframework.org/schema/beans/spring-beans-2.5.xsd=org/springframework/beans/factory/xml/spring-beans-2.5.xsd}
2017-08-28 17:42:01.999 [main] DEBUG o.s.beans.factory.xml.PluggableSchemaResolver - Found XML schema [http://www.springframework.org/schema/beans/spring-beans-3.2.xsd] in classpath: org/springframework/beans/factory/xml/spring-beans-3.2.xsd
2017-08-28 17:42:02.002 [main] DEBUG o.s.beans.factory.xml.PluggableSchemaResolver - Found XML schema [http://www.springframework.org/schema/context/spring-context-3.2.xsd] in classpath: org/springframework/context/config/spring-context-3.2.xsd
2017-08-28 17:42:02.004 [main] DEBUG o.s.beans.factory.xml.PluggableSchemaResolver - Found XML schema [http://www.springframework.org/schema/tool/spring-tool-3.2.xsd] in classpath: org/springframework/beans/factory/xml/spring-tool-3.2.xsd
2017-08-28 17:42:02.005 [main] DEBUG o.s.b.factory.xml.DefaultBeanDefinitionDocumentReader - Loading bean definitions
2017-08-28 17:42:02.006 [main] DEBUG o.s.beans.factory.xml.DefaultNamespaceHandlerResolver - Loaded NamespaceHandler mappings: {http://www.springframework.org/schema/p=org.springframework.beans.factory.xml.SimplePropertyNamespaceHandler, http://www.springframework.org/schema/util=org.springframework.beans.factory.xml.UtilNamespaceHandler, http://code.alibabatech.com/schema/dubbo=com.alibaba.dubbo.config.spring.schema.DubboNamespaceHandler, http://www.springframework.org/schema/jee=org.springframework.ejb.config.JeeNamespaceHandler, http://www.springframework.org/schema/aop=org.springframework.aop.config.AopNamespaceHandler, http://www.springframework.org/schema/jdbc=org.springframework.jdbc.config.JdbcNamespaceHandler, http://www.springframework.org/schema/cache=org.springframework.cache.config.CacheNamespaceHandler, http://mybatis.org/schema/mybatis-spring=org.mybatis.spring.config.NamespaceHandler, http://www.springframework.org/schema/c=org.springframework.beans.factory.xml.SimpleConstructorNamespaceHandler, http://www.springframework.org/schema/tx=org.springframework.transaction.config.TxNamespaceHandler, http://code.alibabatech.com/schema/nova=com.youzan.nova.framework.schema.HauntNamespaceHandler, http://www.youzan.com/schema/task=com.youzan.pay.core.task.spring.TaskNamespaceHandler, http://www.springframework.org/schema/task=org.springframework.scheduling.config.TaskNamespaceHandler, http://www.springframework.org/schema/lang=org.springframework.scripting.config.LangNamespaceHandler, http://www.youzan.com/schema/nsq=com.youzan.pay.core.nsq.spring.NsqNamespaceHandler, http://www.springframework.org/schema/context=org.springframework.context.config.ContextNamespaceHandler}
2017-08-28 17:42:02.007 [main] DEBUG o.s.context.annotation.ClassPathBeanDefinitionScanner - JSR-250 'javax.annotation.ManagedBean' found and supported for component scanning
2017-08-28 17:42:02.007 [main] DEBUG o.s.core.io.support.PathMatchingResourcePatternResolver - Looking for matching resources in directory tree [/Users/wulonghui/work/unified_cashier/intergration/target/test-classes/com/youzan/pay/unified/cashier/intergration]
2017-08-28 17:42:02.007 [main] DEBUG o.s.core.io.support.PathMatchingResourcePatternResolver - Searching directory [/Users/wulonghui/work/unified_cashier/intergration/target/test-classes/com/youzan/pay/unified/cashier/intergration] for files matching pattern [/Users/wulonghui/work/unified_cashier/intergration/target/test-classes/com/youzan/pay/unified/cashier/intergration/**/*.class]
2017-08-28 17:42:02.008 [main] DEBUG o.s.core.io.support.PathMatchingResourcePatternResolver - Searching directory [/Users/wulonghui/work/unified_cashier/intergration/target/test-classes/com/youzan/pay/unified/cashier/intergration/client] for files matching pattern [/Users/wulonghui/work/unified_cashier/intergration/target/test-classes/com/youzan/pay/unified/cashier/intergration/**/*.class]
2017-08-28 17:42:02.008 [main] DEBUG o.s.core.io.support.PathMatchingResourcePatternResolver - Looking for matching resources in directory tree [/Users/wulonghui/work/unified_cashier/intergration/target/classes/com/youzan/pay/unified/cashier/intergration]
2017-08-28 17:42:02.008 [main] DEBUG o.s.core.io.support.PathMatchingResourcePatternResolver - Searching directory [/Users/wulonghui/work/unified_cashier/intergration/target/classes/com/youzan/pay/unified/cashier/intergration] for files matching pattern [/Users/wulonghui/work/unified_cashier/intergration/target/classes/com/youzan/pay/unified/cashier/intergration/**/*.class]
2017-08-28 17:42:02.008 [main] DEBUG o.s.core.io.support.PathMatchingResourcePatternResolver - Searching directory [/Users/wulonghui/work/unified_cashier/intergration/target/classes/com/youzan/pay/unified/cashier/intergration/client] for files matching pattern [/Users/wulonghui/work/unified_cashier/intergration/target/classes/com/youzan/pay/unified/cashier/intergration/**/*.class]
2017-08-28 17:42:02.008 [main] DEBUG o.s.core.io.support.PathMatchingResourcePatternResolver - Searching directory [/Users/wulonghui/work/unified_cashier/intergration/target/classes/com/youzan/pay/unified/cashier/intergration/common] for files matching pattern [/Users/wulonghui/work/unified_cashier/intergration/target/classes/com/youzan/pay/unified/cashier/intergration/**/*.class]
2017-08-28 17:42:02.008 [main] DEBUG o.s.core.io.support.PathMatchingResourcePatternResolver - Resolved location pattern [classpath*:com/youzan/pay/unified/cashier/intergration/**/*.class] to resources [file [/Users/wulonghui/work/unified_cashier/intergration/target/test-classes/com/youzan/pay/unified/cashier/intergration/BaseTest.class], file [/Users/wulonghui/work/unified_cashier/intergration/target/test-classes/com/youzan/pay/unified/cashier/intergration/client/AssetCenterUnifiedPayServiceClientTest.class], file [/Users/wulonghui/work/unified_cashier/intergration/target/test-classes/com/youzan/pay/unified/cashier/intergration/client/ChannelBankCardServiceClientTest.class], file [/Users/wulonghui/work/unified_cashier/intergration/target/test-classes/com/youzan/pay/unified/cashier/intergration/client/MerchantBankCardServiceClientTest.class], file [/Users/wulonghui/work/unified_cashier/intergration/target/test-classes/com/youzan/pay/unified/cashier/intergration/client/QueryPayToolConfigServiceClietTest.class], file [/Users/wulonghui/work/unified_cashier/intergration/target/test-classes/com/youzan/pay/unified/cashier/intergration/client/UserMerchantServiceClientTest.class], file [/Users/wulonghui/work/unified_cashier/intergration/target/classes/com/youzan/pay/unified/cashier/intergration/client/AssetCenterUnifiedPayServiceClient$1.class], file [/Users/wulonghui/work/unified_cashier/intergration/target/classes/com/youzan/pay/unified/cashier/intergration/client/AssetCenterUnifiedPayServiceClient.class], file [/Users/wulonghui/work/unified_cashier/intergration/target/classes/com/youzan/pay/unified/cashier/intergration/client/CashierOrderStatusSearchClient.class], file [/Users/wulonghui/work/unified_cashier/intergration/target/classes/com/youzan/pay/unified/cashier/intergration/client/CashierRechargeServiceClient.class], file [/Users/wulonghui/work/unified_cashier/intergration/target/classes/com/youzan/pay/unified/cashier/intergration/client/ChannelBankCardServiceClient$1.class], file [/Users/wulonghui/work/unified_cashier/intergration/target/classes/com/youzan/pay/unified/cashier/intergration/client/ChannelBankCardServiceClient$2.class], file [/Users/wulonghui/work/unified_cashier/intergration/target/classes/com/youzan/pay/unified/cashier/intergration/client/ChannelBankCardServiceClient$3.class], file [/Users/wulonghui/work/unified_cashier/intergration/target/classes/com/youzan/pay/unified/cashier/intergration/client/ChannelBankCardServiceClient$4.class], file [/Users/wulonghui/work/unified_cashier/intergration/target/classes/com/youzan/pay/unified/cashier/intergration/client/ChannelBankCardServiceClient.class], file [/Users/wulonghui/work/unified_cashier/intergration/target/classes/com/youzan/pay/unified/cashier/intergration/client/MerchantBankCardServiceClient$1.class], file [/Users/wulonghui/work/unified_cashier/intergration/target/classes/com/youzan/pay/unified/cashier/intergration/client/MerchantBankCardServiceClient$2.class], file [/Users/wulonghui/work/unified_cashier/intergration/target/classes/com/youzan/pay/unified/cashier/intergration/client/MerchantBankCardServiceClient$3.class], file [/Users/wulonghui/work/unified_cashier/intergration/target/classes/com/youzan/pay/unified/cashier/intergration/client/MerchantBankCardServiceClient.class], file [/Users/wulonghui/work/unified_cashier/intergration/target/classes/com/youzan/pay/unified/cashier/intergration/client/MicroAccoutServiceClient.class], file [/Users/wulonghui/work/unified_cashier/intergration/target/classes/com/youzan/pay/unified/cashier/intergration/client/QueryPayToolConfigServiceClient.class], file [/Users/wulonghui/work/unified_cashier/intergration/target/classes/com/youzan/pay/unified/cashier/intergration/client/SignKeyServiceClient.class], file [/Users/wulonghui/work/unified_cashier/intergration/target/classes/com/youzan/pay/unified/cashier/intergration/client/SummaryCardQueryServiceClient.class], file [/Users/wulonghui/work/unified_cashier/intergration/target/classes/com/youzan/pay/unified/cashier/intergration/client/UnifiedOrderServiceClient.class], file [/Users/wulonghui/work/unified_cashier/intergration/target/classes/com/youzan/pay/unified/cashier/intergration/client/UnifiedPayServiceClient.class], file [/Users/wulonghui/work/unified_cashier/intergration/target/classes/com/youzan/pay/unified/cashier/intergration/client/UserMerchantServiceClient$1.class], file [/Users/wulonghui/work/unified_cashier/intergration/target/classes/com/youzan/pay/unified/cashier/intergration/client/UserMerchantServiceClient.class], file [/Users/wulonghui/work/unified_cashier/intergration/target/classes/com/youzan/pay/unified/cashier/intergration/common/CashierHandleTemplate.class], file [/Users/wulonghui/work/unified_cashier/intergration/target/classes/com/youzan/pay/unified/cashier/intergration/common/CashierProcessCallBack.class]]
2017-08-28 17:42:02.010 [main] DEBUG o.s.context.annotation.ClassPathBeanDefinitionScanner - Identified candidate component class: file [/Users/wulonghui/work/unified_cashier/intergration/target/classes/com/youzan/pay/unified/cashier/intergration/client/AssetCenterUnifiedPayServiceClient.class]
2017-08-28 17:42:02.010 [main] DEBUG o.s.context.annotation.ClassPathBeanDefinitionScanner - Identified candidate component class: file [/Users/wulonghui/work/unified_cashier/intergration/target/classes/com/youzan/pay/unified/cashier/intergration/client/CashierOrderStatusSearchClient.class]
2017-08-28 17:42:02.010 [main] DEBUG o.s.context.annotation.ClassPathBeanDefinitionScanner - Identified candidate component class: file [/Users/wulonghui/work/unified_cashier/intergration/target/classes/com/youzan/pay/unified/cashier/intergration/client/CashierRechargeServiceClient.class]
2017-08-28 17:42:02.010 [main] DEBUG o.s.context.annotation.ClassPathBeanDefinitionScanner - Identified candidate component class: file [/Users/wulonghui/work/unified_cashier/intergration/target/classes/com/youzan/pay/unified/cashier/intergration/client/ChannelBankCardServiceClient.class]
2017-08-28 17:42:02.011 [main] DEBUG o.s.context.annotation.ClassPathBeanDefinitionScanner - Identified candidate component class: file [/Users/wulonghui/work/unified_cashier/intergration/target/classes/com/youzan/pay/unified/cashier/intergration/client/MerchantBankCardServiceClient.class]
2017-08-28 17:42:02.011 [main] DEBUG o.s.context.annotation.ClassPathBeanDefinitionScanner - Identified candidate component class: file [/Users/wulonghui/work/unified_cashier/intergration/target/classes/com/youzan/pay/unified/cashier/intergration/client/MicroAccoutServiceClient.class]
2017-08-28 17:42:02.011 [main] DEBUG o.s.context.annotation.ClassPathBeanDefinitionScanner - Identified candidate component class: file [/Users/wulonghui/work/unified_cashier/intergration/target/classes/com/youzan/pay/unified/cashier/intergration/client/QueryPayToolConfigServiceClient.class]
2017-08-28 17:42:02.011 [main] DEBUG o.s.context.annotation.ClassPathBeanDefinitionScanner - Identified candidate component class: file [/Users/wulonghui/work/unified_cashier/intergration/target/classes/com/youzan/pay/unified/cashier/intergration/client/SignKeyServiceClient.class]
2017-08-28 17:42:02.011 [main] DEBUG o.s.context.annotation.ClassPathBeanDefinitionScanner - Identified candidate component class: file [/Users/wulonghui/work/unified_cashier/intergration/target/classes/com/youzan/pay/unified/cashier/intergration/client/SummaryCardQueryServiceClient.class]
2017-08-28 17:42:02.011 [main] DEBUG o.s.context.annotation.ClassPathBeanDefinitionScanner - Identified candidate component class: file [/Users/wulonghui/work/unified_cashier/intergration/target/classes/com/youzan/pay/unified/cashier/intergration/client/UnifiedOrderServiceClient.class]
2017-08-28 17:42:02.011 [main] DEBUG o.s.context.annotation.ClassPathBeanDefinitionScanner - Identified candidate component class: file [/Users/wulonghui/work/unified_cashier/intergration/target/classes/com/youzan/pay/unified/cashier/intergration/client/UnifiedPayServiceClient.class]
2017-08-28 17:42:02.011 [main] DEBUG o.s.context.annotation.ClassPathBeanDefinitionScanner - Identified candidate component class: file [/Users/wulonghui/work/unified_cashier/intergration/target/classes/com/youzan/pay/unified/cashier/intergration/client/UserMerchantServiceClient.class]
2017-08-28 17:42:02.012 [main] DEBUG o.s.core.io.support.PathMatchingResourcePatternResolver - Resolved location pattern [classpath*:beans/spring-*.xml] to resources []
2017-08-28 17:42:02.012 [main] DEBUG o.s.beans.factory.xml.XmlBeanDefinitionReader - Loaded 0 bean definitions from location pattern [classpath*:beans/spring-*.xml]
2017-08-28 17:42:02.012 [main] DEBUG o.s.b.factory.xml.DefaultBeanDefinitionDocumentReader - Imported 0 bean definitions from URL location [classpath*:beans/spring-*.xml]
2017-08-28 17:42:02.012 [main] INFO  o.s.beans.factory.xml.XmlBeanDefinitionReader - Loading XML bean definitions from file [/Users/wulonghui/work/unified_cashier/intergration/target/classes/META-INF/spring/spring-dubbo-services.xml]
2017-08-28 17:42:02.013 [main] DEBUG o.s.beans.factory.xml.DefaultDocumentLoader - Using JAXP provider [com.sun.org.apache.xerces.internal.jaxp.DocumentBuilderFactoryImpl]
2017-08-28 17:42:02.013 [main] DEBUG o.s.beans.factory.xml.PluggableSchemaResolver - Found XML schema [http://www.springframework.org/schema/beans/spring-beans-2.5.xsd] in classpath: org/springframework/beans/factory/xml/spring-beans-2.5.xsd
2017-08-28 17:42:02.016 [main] DEBUG o.s.beans.factory.xml.PluggableSchemaResolver - Found XML schema [http://www.springframework.org/schema/context/spring-context.xsd] in classpath: org/springframework/context/config/spring-context-3.2.xsd
2017-08-28 17:42:02.017 [main] DEBUG o.s.beans.factory.xml.PluggableSchemaResolver - Found XML schema [http://www.springframework.org/schema/tool/spring-tool-3.2.xsd] in classpath: org/springframework/beans/factory/xml/spring-tool-3.2.xsd
2017-08-28 17:42:02.019 [main] DEBUG o.s.beans.factory.xml.PluggableSchemaResolver - Found XML schema [http://code.alibabatech.com/schema/dubbo/dubbo.xsd] in classpath: META-INF/dubbo.xsd
2017-08-28 17:42:02.021 [main] DEBUG o.s.b.factory.xml.DefaultBeanDefinitionDocumentReader - Loading bean definitions
2017-08-28 17:42:02.021 [main] DEBUG o.s.context.annotation.ClassPathBeanDefinitionScanner - JSR-250 'javax.annotation.ManagedBean' found and supported for component scanning
2017-08-28 17:42:02.022 [main] DEBUG o.s.core.io.support.PathMatchingResourcePatternResolver - Looking for matching resources in directory tree [/Users/wulonghui/work/unified_cashier/intergration/target/test-classes/com/youzan/pay/unified/cashier/intergration/client]
2017-08-28 17:42:02.022 [main] DEBUG o.s.core.io.support.PathMatchingResourcePatternResolver - Searching directory [/Users/wulonghui/work/unified_cashier/intergration/target/test-classes/com/youzan/pay/unified/cashier/intergration/client] for files matching pattern [/Users/wulonghui/work/unified_cashier/intergration/target/test-classes/com/youzan/pay/unified/cashier/intergration/client/**/*.class]
2017-08-28 17:42:02.022 [main] DEBUG o.s.core.io.support.PathMatchingResourcePatternResolver - Looking for matching resources in directory tree [/Users/wulonghui/work/unified_cashier/intergration/target/classes/com/youzan/pay/unified/cashier/intergration/client]
2017-08-28 17:42:02.022 [main] DEBUG o.s.core.io.support.PathMatchingResourcePatternResolver - Searching directory [/Users/wulonghui/work/unified_cashier/intergration/target/classes/com/youzan/pay/unified/cashier/intergration/client] for files matching pattern [/Users/wulonghui/work/unified_cashier/intergration/target/classes/com/youzan/pay/unified/cashier/intergration/client/**/*.class]
2017-08-28 17:42:02.023 [main] DEBUG o.s.core.io.support.PathMatchingResourcePatternResolver - Resolved location pattern [classpath*:com/youzan/pay/unified/cashier/intergration/client/**/*.class] to resources [file [/Users/wulonghui/work/unified_cashier/intergration/target/test-classes/com/youzan/pay/unified/cashier/intergration/client/AssetCenterUnifiedPayServiceClientTest.class], file [/Users/wulonghui/work/unified_cashier/intergration/target/test-classes/com/youzan/pay/unified/cashier/intergration/client/ChannelBankCardServiceClientTest.class], file [/Users/wulonghui/work/unified_cashier/intergration/target/test-classes/com/youzan/pay/unified/cashier/intergration/client/MerchantBankCardServiceClientTest.class], file [/Users/wulonghui/work/unified_cashier/intergration/target/test-classes/com/youzan/pay/unified/cashier/intergration/client/QueryPayToolConfigServiceClietTest.class], file [/Users/wulonghui/work/unified_cashier/intergration/target/test-classes/com/youzan/pay/unified/cashier/intergration/client/UserMerchantServiceClientTest.class], file [/Users/wulonghui/work/unified_cashier/intergration/target/classes/com/youzan/pay/unified/cashier/intergration/client/AssetCenterUnifiedPayServiceClient$1.class], file [/Users/wulonghui/work/unified_cashier/intergration/target/classes/com/youzan/pay/unified/cashier/intergration/client/AssetCenterUnifiedPayServiceClient.class], file [/Users/wulonghui/work/unified_cashier/intergration/target/classes/com/youzan/pay/unified/cashier/intergration/client/CashierOrderStatusSearchClient.class], file [/Users/wulonghui/work/unified_cashier/intergration/target/classes/com/youzan/pay/unified/cashier/intergration/client/CashierRechargeServiceClient.class], file [/Users/wulonghui/work/unified_cashier/intergration/target/classes/com/youzan/pay/unified/cashier/intergration/client/ChannelBankCardServiceClient$1.class], file [/Users/wulonghui/work/unified_cashier/intergration/target/classes/com/youzan/pay/unified/cashier/intergration/client/ChannelBankCardServiceClient$2.class], file [/Users/wulonghui/work/unified_cashier/intergration/target/classes/com/youzan/pay/unified/cashier/intergration/client/ChannelBankCardServiceClient$3.class], file [/Users/wulonghui/work/unified_cashier/intergration/target/classes/com/youzan/pay/unified/cashier/intergration/client/ChannelBankCardServiceClient$4.class], file [/Users/wulonghui/work/unified_cashier/intergration/target/classes/com/youzan/pay/unified/cashier/intergration/client/ChannelBankCardServiceClient.class], file [/Users/wulonghui/work/unified_cashier/intergration/target/classes/com/youzan/pay/unified/cashier/intergration/client/MerchantBankCardServiceClient$1.class], file [/Users/wulonghui/work/unified_cashier/intergration/target/classes/com/youzan/pay/unified/cashier/intergration/client/MerchantBankCardServiceClient$2.class], file [/Users/wulonghui/work/unified_cashier/intergration/target/classes/com/youzan/pay/unified/cashier/intergration/client/MerchantBankCardServiceClient$3.class], file [/Users/wulonghui/work/unified_cashier/intergration/target/classes/com/youzan/pay/unified/cashier/intergration/client/MerchantBankCardServiceClient.class], file [/Users/wulonghui/work/unified_cashier/intergration/target/classes/com/youzan/pay/unified/cashier/intergration/client/MicroAccoutServiceClient.class], file [/Users/wulonghui/work/unified_cashier/intergration/target/classes/com/youzan/pay/unified/cashier/intergration/client/QueryPayToolConfigServiceClient.class], file [/Users/wulonghui/work/unified_cashier/intergration/target/classes/com/youzan/pay/unified/cashier/intergration/client/SignKeyServiceClient.class], file [/Users/wulonghui/work/unified_cashier/intergration/target/classes/com/youzan/pay/unified/cashier/intergration/client/SummaryCardQueryServiceClient.class], file [/Users/wulonghui/work/unified_cashier/intergration/target/classes/com/youzan/pay/unified/cashier/intergration/client/UnifiedOrderServiceClient.class], file [/Users/wulonghui/work/unified_cashier/intergration/target/classes/com/youzan/pay/unified/cashier/intergration/client/UnifiedPayServiceClient.class], file [/Users/wulonghui/work/unified_cashier/intergration/target/classes/com/youzan/pay/unified/cashier/intergration/client/UserMerchantServiceClient$1.class], file [/Users/wulonghui/work/unified_cashier/intergration/target/classes/com/youzan/pay/unified/cashier/intergration/client/UserMerchantServiceClient.class]]
2017-08-28 17:42:02.024 [main] DEBUG o.s.context.annotation.ClassPathBeanDefinitionScanner - Identified candidate component class: file [/Users/wulonghui/work/unified_cashier/intergration/target/classes/com/youzan/pay/unified/cashier/intergration/client/AssetCenterUnifiedPayServiceClient.class]
2017-08-28 17:42:02.024 [main] DEBUG o.s.context.annotation.ClassPathBeanDefinitionScanner - Identified candidate component class: file [/Users/wulonghui/work/unified_cashier/intergration/target/classes/com/youzan/pay/unified/cashier/intergration/client/CashierOrderStatusSearchClient.class]
2017-08-28 17:42:02.025 [main] DEBUG o.s.context.annotation.ClassPathBeanDefinitionScanner - Identified candidate component class: file [/Users/wulonghui/work/unified_cashier/intergration/target/classes/com/youzan/pay/unified/cashier/intergration/client/CashierRechargeServiceClient.class]
2017-08-28 17:42:02.025 [main] DEBUG o.s.context.annotation.ClassPathBeanDefinitionScanner - Identified candidate component class: file [/Users/wulonghui/work/unified_cashier/intergration/target/classes/com/youzan/pay/unified/cashier/intergration/client/ChannelBankCardServiceClient.class]
2017-08-28 17:42:02.025 [main] DEBUG o.s.context.annotation.ClassPathBeanDefinitionScanner - Identified candidate component class: file [/Users/wulonghui/work/unified_cashier/intergration/target/classes/com/youzan/pay/unified/cashier/intergration/client/MerchantBankCardServiceClient.class]
2017-08-28 17:42:02.025 [main] DEBUG o.s.context.annotation.ClassPathBeanDefinitionScanner - Identified candidate component class: file [/Users/wulonghui/work/unified_cashier/intergration/target/classes/com/youzan/pay/unified/cashier/intergration/client/MicroAccoutServiceClient.class]
2017-08-28 17:42:02.026 [main] DEBUG o.s.context.annotation.ClassPathBeanDefinitionScanner - Identified candidate component class: file [/Users/wulonghui/work/unified_cashier/intergration/target/classes/com/youzan/pay/unified/cashier/intergration/client/QueryPayToolConfigServiceClient.class]
2017-08-28 17:42:02.026 [main] DEBUG o.s.context.annotation.ClassPathBeanDefinitionScanner - Identified candidate component class: file [/Users/wulonghui/work/unified_cashier/intergration/target/classes/com/youzan/pay/unified/cashier/intergration/client/SignKeyServiceClient.class]
2017-08-28 17:42:02.026 [main] DEBUG o.s.context.annotation.ClassPathBeanDefinitionScanner - Identified candidate component class: file [/Users/wulonghui/work/unified_cashier/intergration/target/classes/com/youzan/pay/unified/cashier/intergration/client/SummaryCardQueryServiceClient.class]
2017-08-28 17:42:02.026 [main] DEBUG o.s.context.annotation.ClassPathBeanDefinitionScanner - Identified candidate component class: file [/Users/wulonghui/work/unified_cashier/intergration/target/classes/com/youzan/pay/unified/cashier/intergration/client/UnifiedOrderServiceClient.class]
2017-08-28 17:42:02.026 [main] DEBUG o.s.context.annotation.ClassPathBeanDefinitionScanner - Identified candidate component class: file [/Users/wulonghui/work/unified_cashier/intergration/target/classes/com/youzan/pay/unified/cashier/intergration/client/UnifiedPayServiceClient.class]
2017-08-28 17:42:02.027 [main] DEBUG o.s.context.annotation.ClassPathBeanDefinitionScanner - Identified candidate component class: file [/Users/wulonghui/work/unified_cashier/intergration/target/classes/com/youzan/pay/unified/cashier/intergration/client/UserMerchantServiceClient.class]
2017-08-28 17:42:02.033 [main] INFO  o.s.beans.factory.xml.XmlBeanDefinitionReader - Loading XML bean definitions from URL [jar:file:/Users/wulonghui/.m2/repository/com/youzan/platform/bootstrap/3.0.9-RELEASE/bootstrap-3.0.9-RELEASE.jar!/META-INF/spring/container.xml]
2017-08-28 17:42:02.033 [main] DEBUG o.s.beans.factory.xml.DefaultDocumentLoader - Using JAXP provider [com.sun.org.apache.xerces.internal.jaxp.DocumentBuilderFactoryImpl]
2017-08-28 17:42:02.034 [main] DEBUG o.s.beans.factory.xml.PluggableSchemaResolver - Found XML schema [http://www.springframework.org/schema/beans/spring-beans-2.5.xsd] in classpath: org/springframework/beans/factory/xml/spring-beans-2.5.xsd
2017-08-28 17:42:02.036 [main] DEBUG o.s.b.factory.xml.DefaultBeanDefinitionDocumentReader - Loading bean definitions
2017-08-28 17:42:02.036 [main] INFO  o.s.beans.factory.xml.XmlBeanDefinitionReader - Loading XML bean definitions from URL [jar:file:/Users/wulonghui/.m2/repository/com/youzan/nova/framework/framework-cat/1.0.7-RELEASE/framework-cat-1.0.7-RELEASE.jar!/META-INF/spring/framework-cat-context.xml]
2017-08-28 17:42:02.037 [main] DEBUG o.s.beans.factory.xml.DefaultDocumentLoader - Using JAXP provider [com.sun.org.apache.xerces.internal.jaxp.DocumentBuilderFactoryImpl]
2017-08-28 17:42:02.038 [main] DEBUG o.s.beans.factory.xml.PluggableSchemaResolver - Found XML schema [http://www.springframework.org/schema/beans/spring-beans-2.5.xsd] in classpath: org/springframework/beans/factory/xml/spring-beans-2.5.xsd
2017-08-28 17:42:02.040 [main] DEBUG o.s.beans.factory.xml.PluggableSchemaResolver - Found XML schema [http://www.springframework.org/schema/aop/spring-aop-3.0.xsd] in classpath: org/springframework/aop/config/spring-aop-3.0.xsd
2017-08-28 17:42:02.041 [main] DEBUG o.s.beans.factory.xml.PluggableSchemaResolver - Found XML schema [http://www.springframework.org/schema/tool/spring-tool-3.0.xsd] in classpath: org/springframework/beans/factory/xml/spring-tool-3.0.xsd
2017-08-28 17:42:02.043 [main] DEBUG o.s.b.factory.xml.DefaultBeanDefinitionDocumentReader - Loading bean definitions
2017-08-28 17:42:02.045 [main] DEBUG o.s.beans.factory.xml.XmlBeanDefinitionReader - Loaded 35 bean definitions from location pattern [classpath*:META-INF/spring/*.xml]
2017-08-28 17:42:02.045 [main] INFO  o.s.context.support.GenericApplicationContext - Refreshing org.springframework.context.support.GenericApplicationContext@753ad510: startup date [Mon Aug 28 17:42:02 CST 2017]; root of context hierarchy
2017-08-28 17:42:02.046 [main] DEBUG o.s.context.support.GenericApplicationContext - Bean factory for org.springframework.context.support.GenericApplicationContext@753ad510: org.springframework.beans.factory.support.DefaultListableBeanFactory@37217146: defining beans [org.springframework.context.support.PropertySourcesPlaceholderConfigurer#0,assetCenterUnifiedPayServiceClient,cashierOrderStatusSearchClient,cashierRechargeServiceClient,channelBankCardServiceClient,merchantBankCardServiceClient,microAccoutServiceClient,queryPayToolConfigServiceClient,signKeyServiceClient,summaryCardQueryServiceClient,unifiedOrderServiceClient,unifiedPayServiceClient,userMerchantServiceClient,org.springframework.context.annotation.internalConfigurationAnnotationProcessor,org.springframework.context.annotation.internalAutowiredAnnotationProcessor,org.springframework.context.annotation.internalRequiredAnnotationProcessor,org.springframework.context.annotation.internalCommonAnnotationProcessor,signKeyService,merchantConfigService,acquireOrderService,unifiedPayService,unifiedOrderQueryService,unifiedOrderService,bankCardService,merchantBankCardService,userMerchantService,rechargeService,payToolsService,accountService,summaryCardQueryService,novaContainer,beanFactory,org.springframework.aop.config.internalAutoProxyCreator,tracingAop,customerMethodAop]; root of factory hierarchy
2017-08-28 17:42:02.046 [main] DEBUG o.s.beans.factory.support.DefaultListableBeanFactory - Creating shared instance of singleton bean 'org.springframework.context.annotation.internalConfigurationAnnotationProcessor'
2017-08-28 17:42:02.046 [main] DEBUG o.s.beans.factory.support.DefaultListableBeanFactory - Creating instance of bean 'org.springframework.context.annotation.internalConfigurationAnnotationProcessor'
2017-08-28 17:42:02.046 [main] DEBUG o.s.beans.factory.support.DefaultListableBeanFactory - Eagerly caching bean 'org.springframework.context.annotation.internalConfigurationAnnotationProcessor' to allow for resolving potential circular references
2017-08-28 17:42:02.047 [main] DEBUG o.s.beans.factory.support.DefaultListableBeanFactory - Finished creating instance of bean 'org.springframework.context.annotation.internalConfigurationAnnotationProcessor'
2017-08-28 17:42:02.047 [main] DEBUG o.s.beans.factory.support.DefaultListableBeanFactory - Creating shared instance of singleton bean 'novaContainer'
2017-08-28 17:42:02.047 [main] DEBUG o.s.beans.factory.support.DefaultListableBeanFactory - Creating instance of bean 'novaContainer'
2017-08-28 17:42:02.047 [main] DEBUG o.s.beans.factory.support.DefaultListableBeanFactory - Eagerly caching bean 'novaContainer' to allow for resolving potential circular references
2017-08-28 17:42:02.047 [main] DEBUG o.s.beans.factory.support.DefaultListableBeanFactory - Finished creating instance of bean 'novaContainer'
2017-08-28 17:42:02.053 [main] DEBUG o.s.beans.factory.support.DefaultListableBeanFactory - Creating shared instance of singleton bean 'org.springframework.context.support.PropertySourcesPlaceholderConfigurer#0'
2017-08-28 17:42:02.053 [main] DEBUG o.s.beans.factory.support.DefaultListableBeanFactory - Creating instance of bean 'org.springframework.context.support.PropertySourcesPlaceholderConfigurer#0'
2017-08-28 17:42:02.053 [main] DEBUG o.s.beans.factory.support.DefaultListableBeanFactory - Eagerly caching bean 'org.springframework.context.support.PropertySourcesPlaceholderConfigurer#0' to allow for resolving potential circular references
2017-08-28 17:42:02.054 [main] DEBUG o.s.core.io.support.PathMatchingResourcePatternResolver - Looking for matching resources in directory tree [/Users/wulonghui/work/unified_cashier/intergration/target/test-classes]
2017-08-28 17:42:02.054 [main] DEBUG o.s.core.io.support.PathMatchingResourcePatternResolver - Searching directory [/Users/wulonghui/work/unified_cashier/intergration/target/test-classes] for files matching pattern [/Users/wulonghui/work/unified_cashier/intergration/target/test-classes/*.properties]
2017-08-28 17:42:02.054 [main] DEBUG o.s.core.io.support.PathMatchingResourcePatternResolver - Looking for matching resources in directory tree [/Users/wulonghui/work/unified_cashier/intergration/target/classes]
2017-08-28 17:42:02.054 [main] DEBUG o.s.core.io.support.PathMatchingResourcePatternResolver - Searching directory [/Users/wulonghui/work/unified_cashier/intergration/target/classes] for files matching pattern [/Users/wulonghui/work/unified_cashier/intergration/target/classes/*.properties]
2017-08-28 17:42:02.054 [main] DEBUG o.s.core.io.support.PathMatchingResourcePatternResolver - Looking for matching resources in directory tree [/Users/wulonghui/work/unified_cashier/core-utils/target/classes]
2017-08-28 17:42:02.054 [main] DEBUG o.s.core.io.support.PathMatchingResourcePatternResolver - Searching directory [/Users/wulonghui/work/unified_cashier/core-utils/target/classes] for files matching pattern [/Users/wulonghui/work/unified_cashier/core-utils/target/classes/*.properties]
2017-08-28 17:42:02.054 [main] DEBUG o.s.core.io.support.PathMatchingResourcePatternResolver - Looking for matching resources in directory tree [/Users/wulonghui/work/unified_cashier/core-model/target/classes]
2017-08-28 17:42:02.054 [main] DEBUG o.s.core.io.support.PathMatchingResourcePatternResolver - Searching directory [/Users/wulonghui/work/unified_cashier/core-model/target/classes] for files matching pattern [/Users/wulonghui/work/unified_cashier/core-model/target/classes/*.properties]
2017-08-28 17:42:02.055 [main] DEBUG o.s.core.io.support.PathMatchingResourcePatternResolver - Resolved location pattern [classpath*:*.properties] to resources [file [/Users/wulonghui/work/unified_cashier/intergration/target/test-classes/container.properties], file [/Users/wulonghui/work/unified_cashier/intergration/target/test-classes/dev.properties]]
2017-08-28 17:42:02.055 [main] DEBUG o.s.beans.factory.support.DefaultListableBeanFactory - Finished creating instance of bean 'org.springframework.context.support.PropertySourcesPlaceholderConfigurer#0'
2017-08-28 17:42:02.055 [main] DEBUG org.springframework.core.env.MutablePropertySources - Adding [environmentProperties] PropertySource with lowest search precedence
2017-08-28 17:42:02.055 [main] INFO  o.s.context.support.PropertySourcesPlaceholderConfigurer - Loading properties file from file [/Users/wulonghui/work/unified_cashier/intergration/target/test-classes/container.properties]
2017-08-28 17:42:02.055 [main] INFO  o.s.context.support.PropertySourcesPlaceholderConfigurer - Loading properties file from file [/Users/wulonghui/work/unified_cashier/intergration/target/test-classes/dev.properties]
2017-08-28 17:42:02.055 [main] DEBUG org.springframework.core.env.MutablePropertySources - Adding [localProperties] PropertySource with lowest search precedence
2017-08-28 17:42:02.057 [main] DEBUG o.s.core.env.PropertySourcesPropertyResolver - Searching for key 'application.monitor.address' in [environmentProperties]
2017-08-28 17:42:02.058 [main] DEBUG o.s.core.env.PropertySourcesPropertyResolver - Searching for key 'application.monitor.address' in [systemProperties]
2017-08-28 17:42:02.058 [main] DEBUG o.s.core.env.PropertySourcesPropertyResolver - Searching for key 'application.monitor.address' in [systemEnvironment]
2017-08-28 17:42:02.058 [main] DEBUG o.s.core.env.PropertySourcesPropertyResolver - Could not find key 'application.monitor.address' in any property source. Returning [null]
2017-08-28 17:42:02.058 [main] DEBUG o.s.core.env.PropertySourcesPropertyResolver - Searching for key 'application.monitor.address' in [localProperties]
2017-08-28 17:42:02.058 [main] DEBUG o.s.core.env.PropertySourcesPropertyResolver - Found key 'application.monitor.address' in [localProperties] with type [String] and value 'http://hawk-dev.s.qima-inc.com'
2017-08-28 17:42:02.059 [main] DEBUG o.s.beans.factory.support.DefaultListableBeanFactory - Creating shared instance of singleton bean 'com.alibaba.dubbo.config.spring.AnnotationBean'
2017-08-28 17:42:02.059 [main] DEBUG o.s.beans.factory.support.DefaultListableBeanFactory - Creating instance of bean 'com.alibaba.dubbo.config.spring.AnnotationBean'
2017-08-28 17:42:02.059 [main] DEBUG o.s.beans.factory.support.DefaultListableBeanFactory - Eagerly caching bean 'com.alibaba.dubbo.config.spring.AnnotationBean' to allow for resolving potential circular references
2017-08-28 17:42:02.059 [main] DEBUG o.s.beans.factory.support.DefaultListableBeanFactory - Finished creating instance of bean 'com.alibaba.dubbo.config.spring.AnnotationBean'
2017-08-28 17:42:02.059 [main] DEBUG org.springframework.core.env.StandardEnvironment - Adding [systemProperties] PropertySource with lowest search precedence
2017-08-28 17:42:02.059 [main] DEBUG org.springframework.core.env.StandardEnvironment - Adding [systemEnvironment] PropertySource with lowest search precedence
2017-08-28 17:42:02.059 [main] DEBUG org.springframework.core.env.StandardEnvironment - Initialized StandardEnvironment with PropertySources [systemProperties,systemEnvironment]
2017-08-28 17:42:02.059 [main] DEBUG o.s.context.annotation.ClassPathBeanDefinitionScanner - JSR-250 'javax.annotation.ManagedBean' found and supported for component scanning
2017-08-28 17:42:02.061 [main] DEBUG o.s.core.io.support.PathMatchingResourcePatternResolver - Looking for matching resources in directory tree [/Users/wulonghui/work/unified_cashier/intergration/target/test-classes/com/youzan]
2017-08-28 17:42:02.061 [main] DEBUG o.s.core.io.support.PathMatchingResourcePatternResolver - Searching directory [/Users/wulonghui/work/unified_cashier/intergration/target/test-classes/com/youzan] for files matching pattern [/Users/wulonghui/work/unified_cashier/intergration/target/test-classes/com/youzan/**/*.class]
2017-08-28 17:42:02.061 [main] DEBUG o.s.core.io.support.PathMatchingResourcePatternResolver - Searching directory [/Users/wulonghui/work/unified_cashier/intergration/target/test-classes/com/youzan/pay] for files matching pattern [/Users/wulonghui/work/unified_cashier/intergration/target/test-classes/com/youzan/**/*.class]
2017-08-28 17:42:02.061 [main] DEBUG o.s.core.io.support.PathMatchingResourcePatternResolver - Searching directory [/Users/wulonghui/work/unified_cashier/intergration/target/test-classes/com/youzan/pay/unified] for files matching pattern [/Users/wulonghui/work/unified_cashier/intergration/target/test-classes/com/youzan/**/*.class]
2017-08-28 17:42:02.061 [main] DEBUG o.s.core.io.support.PathMatchingResourcePatternResolver - Searching directory [/Users/wulonghui/work/unified_cashier/intergration/target/test-classes/com/youzan/pay/unified/cashier] for files matching pattern [/Users/wulonghui/work/unified_cashier/intergration/target/test-classes/com/youzan/**/*.class]
2017-08-28 17:42:02.061 [main] DEBUG o.s.core.io.support.PathMatchingResourcePatternResolver - Searching directory [/Users/wulonghui/work/unified_cashier/intergration/target/test-classes/com/youzan/pay/unified/cashier/intergration] for files matching pattern [/Users/wulonghui/work/unified_cashier/intergration/target/test-classes/com/youzan/**/*.class]
2017-08-28 17:42:02.062 [main] DEBUG o.s.core.io.support.PathMatchingResourcePatternResolver - Searching directory [/Users/wulonghui/work/unified_cashier/intergration/target/test-classes/com/youzan/pay/unified/cashier/intergration/client] for files matching pattern [/Users/wulonghui/work/unified_cashier/intergration/target/test-classes/com/youzan/**/*.class]
2017-08-28 17:42:02.062 [main] DEBUG o.s.core.io.support.PathMatchingResourcePatternResolver - Looking for matching resources in directory tree [/Users/wulonghui/work/unified_cashier/intergration/target/classes/com/youzan]
2017-08-28 17:42:02.062 [main] DEBUG o.s.core.io.support.PathMatchingResourcePatternResolver - Searching directory [/Users/wulonghui/work/unified_cashier/intergration/target/classes/com/youzan] for files matching pattern [/Users/wulonghui/work/unified_cashier/intergration/target/classes/com/youzan/**/*.class]
2017-08-28 17:42:02.062 [main] DEBUG o.s.core.io.support.PathMatchingResourcePatternResolver - Searching directory [/Users/wulonghui/work/unified_cashier/intergration/target/classes/com/youzan/pay] for files matching pattern [/Users/wulonghui/work/unified_cashier/intergration/target/classes/com/youzan/**/*.class]
2017-08-28 17:42:02.062 [main] DEBUG o.s.core.io.support.PathMatchingResourcePatternResolver - Searching directory [/Users/wulonghui/work/unified_cashier/intergration/target/classes/com/youzan/pay/unified] for files matching pattern [/Users/wulonghui/work/unified_cashier/intergration/target/classes/com/youzan/**/*.class]
2017-08-28 17:42:02.062 [main] DEBUG o.s.core.io.support.PathMatchingResourcePatternResolver - Searching directory [/Users/wulonghui/work/unified_cashier/intergration/target/classes/com/youzan/pay/unified/cashier] for files matching pattern [/Users/wulonghui/work/unified_cashier/intergration/target/classes/com/youzan/**/*.class]
2017-08-28 17:42:02.062 [main] DEBUG o.s.core.io.support.PathMatchingResourcePatternResolver - Searching directory [/Users/wulonghui/work/unified_cashier/intergration/target/classes/com/youzan/pay/unified/cashier/intergration] for files matching pattern [/Users/wulonghui/work/unified_cashier/intergration/target/classes/com/youzan/**/*.class]
2017-08-28 17:42:02.062 [main] DEBUG o.s.core.io.support.PathMatchingResourcePatternResolver - Searching directory [/Users/wulonghui/work/unified_cashier/intergration/target/classes/com/youzan/pay/unified/cashier/intergration/client] for files matching pattern [/Users/wulonghui/work/unified_cashier/intergration/target/classes/com/youzan/**/*.class]
2017-08-28 17:42:02.062 [main] DEBUG o.s.core.io.support.PathMatchingResourcePatternResolver - Searching directory [/Users/wulonghui/work/unified_cashier/intergration/target/classes/com/youzan/pay/unified/cashier/intergration/common] for files matching pattern [/Users/wulonghui/work/unified_cashier/intergration/target/classes/com/youzan/**/*.class]
2017-08-28 17:42:02.063 [main] DEBUG o.s.core.io.support.PathMatchingResourcePatternResolver - Looking for matching resources in directory tree [/Users/wulonghui/work/unified_cashier/core-utils/target/classes/com/youzan]
2017-08-28 17:42:02.063 [main] DEBUG o.s.core.io.support.PathMatchingResourcePatternResolver - Searching directory [/Users/wulonghui/work/unified_cashier/core-utils/target/classes/com/youzan] for files matching pattern [/Users/wulonghui/work/unified_cashier/core-utils/target/classes/com/youzan/**/*.class]
2017-08-28 17:42:02.063 [main] DEBUG o.s.core.io.support.PathMatchingResourcePatternResolver - Searching directory [/Users/wulonghui/work/unified_cashier/core-utils/target/classes/com/youzan/pay] for files matching pattern [/Users/wulonghui/work/unified_cashier/core-utils/target/classes/com/youzan/**/*.class]
2017-08-28 17:42:02.063 [main] DEBUG o.s.core.io.support.PathMatchingResourcePatternResolver - Searching directory [/Users/wulonghui/work/unified_cashier/core-utils/target/classes/com/youzan/pay/unified] for files matching pattern [/Users/wulonghui/work/unified_cashier/core-utils/target/classes/com/youzan/**/*.class]
2017-08-28 17:42:02.063 [main] DEBUG o.s.core.io.support.PathMatchingResourcePatternResolver - Searching directory [/Users/wulonghui/work/unified_cashier/core-utils/target/classes/com/youzan/pay/unified/cashier] for files matching pattern [/Users/wulonghui/work/unified_cashier/core-utils/target/classes/com/youzan/**/*.class]
2017-08-28 17:42:02.063 [main] DEBUG o.s.core.io.support.PathMatchingResourcePatternResolver - Searching directory [/Users/wulonghui/work/unified_cashier/core-utils/target/classes/com/youzan/pay/unified/cashier/core] for files matching pattern [/Users/wulonghui/work/unified_cashier/core-utils/target/classes/com/youzan/**/*.class]
2017-08-28 17:42:02.063 [main] DEBUG o.s.core.io.support.PathMatchingResourcePatternResolver - Searching directory [/Users/wulonghui/work/unified_cashier/core-utils/target/classes/com/youzan/pay/unified/cashier/core/utils] for files matching pattern [/Users/wulonghui/work/unified_cashier/core-utils/target/classes/com/youzan/**/*.class]
2017-08-28 17:42:02.063 [main] DEBUG o.s.core.io.support.PathMatchingResourcePatternResolver - Searching directory [/Users/wulonghui/work/unified_cashier/core-utils/target/classes/com/youzan/pay/unified/cashier/core/utils/common] for files matching pattern [/Users/wulonghui/work/unified_cashier/core-utils/target/classes/com/youzan/**/*.class]
2017-08-28 17:42:02.063 [main] DEBUG o.s.core.io.support.PathMatchingResourcePatternResolver - Searching directory [/Users/wulonghui/work/unified_cashier/core-utils/target/classes/com/youzan/pay/unified/cashier/core/utils/enums] for files matching pattern [/Users/wulonghui/work/unified_cashier/core-utils/target/classes/com/youzan/**/*.class]
2017-08-28 17:42:02.063 [main] DEBUG o.s.core.io.support.PathMatchingResourcePatternResolver - Searching directory [/Users/wulonghui/work/unified_cashier/core-utils/target/classes/com/youzan/pay/unified/cashier/core/utils/exception] for files matching pattern [/Users/wulonghui/work/unified_cashier/core-utils/target/classes/com/youzan/**/*.class]
2017-08-28 17:42:02.064 [main] DEBUG o.s.core.io.support.PathMatchingResourcePatternResolver - Searching directory [/Users/wulonghui/work/unified_cashier/core-utils/target/classes/com/youzan/pay/unified/cashier/core/utils/model] for files matching pattern [/Users/wulonghui/work/unified_cashier/core-utils/target/classes/com/youzan/**/*.class]
2017-08-28 17:42:02.064 [main] DEBUG o.s.core.io.support.PathMatchingResourcePatternResolver - Searching directory [/Users/wulonghui/work/unified_cashier/core-utils/target/classes/com/youzan/pay/unified/cashier/core/utils/resultcode] for files matching pattern [/Users/wulonghui/work/unified_cashier/core-utils/target/classes/com/youzan/**/*.class]
2017-08-28 17:42:02.064 [main] DEBUG o.s.core.io.support.PathMatchingResourcePatternResolver - Searching directory [/Users/wulonghui/work/unified_cashier/core-utils/target/classes/com/youzan/pay/unified/cashier/core/utils/resultcode/errorcode] for files matching pattern [/Users/wulonghui/work/unified_cashier/core-utils/target/classes/com/youzan/**/*.class]
2017-08-28 17:42:02.064 [main] DEBUG o.s.core.io.support.PathMatchingResourcePatternResolver - Looking for matching resources in directory tree [/Users/wulonghui/work/unified_cashier/core-model/target/classes/com/youzan]
2017-08-28 17:42:02.064 [main] DEBUG o.s.core.io.support.PathMatchingResourcePatternResolver - Searching directory [/Users/wulonghui/work/unified_cashier/core-model/target/classes/com/youzan] for files matching pattern [/Users/wulonghui/work/unified_cashier/core-model/target/classes/com/youzan/**/*.class]
2017-08-28 17:42:02.064 [main] DEBUG o.s.core.io.support.PathMatchingResourcePatternResolver - Searching directory [/Users/wulonghui/work/unified_cashier/core-model/target/classes/com/youzan/pay] for files matching pattern [/Users/wulonghui/work/unified_cashier/core-model/target/classes/com/youzan/**/*.class]
2017-08-28 17:42:02.064 [main] DEBUG o.s.core.io.support.PathMatchingResourcePatternResolver - Searching directory [/Users/wulonghui/work/unified_cashier/core-model/target/classes/com/youzan/pay/unified] for files matching pattern [/Users/wulonghui/work/unified_cashier/core-model/target/classes/com/youzan/**/*.class]
2017-08-28 17:42:02.064 [main] DEBUG o.s.core.io.support.PathMatchingResourcePatternResolver - Searching directory [/Users/wulonghui/work/unified_cashier/core-model/target/classes/com/youzan/pay/unified/cashier] for files matching pattern [/Users/wulonghui/work/unified_cashier/core-model/target/classes/com/youzan/**/*.class]
2017-08-28 17:42:02.065 [main] DEBUG o.s.core.io.support.PathMatchingResourcePatternResolver - Searching directory [/Users/wulonghui/work/unified_cashier/core-model/target/classes/com/youzan/pay/unified/cashier/core] for files matching pattern [/Users/wulonghui/work/unified_cashier/core-model/target/classes/com/youzan/**/*.class]
2017-08-28 17:42:02.065 [main] DEBUG o.s.core.io.support.PathMatchingResourcePatternResolver - Searching directory [/Users/wulonghui/work/unified_cashier/core-model/target/classes/com/youzan/pay/unified/cashier/core/model] for files matching pattern [/Users/wulonghui/work/unified_cashier/core-model/target/classes/com/youzan/**/*.class]
2017-08-28 17:42:02.065 [main] DEBUG o.s.core.io.support.PathMatchingResourcePatternResolver - Searching directory [/Users/wulonghui/work/unified_cashier/core-model/target/classes/com/youzan/pay/unified/cashier/core/model/domain] for files matching pattern [/Users/wulonghui/work/unified_cashier/core-model/target/classes/com/youzan/**/*.class]
2017-08-28 17:42:02.065 [main] DEBUG o.s.core.io.support.PathMatchingResourcePatternResolver - Looking for matching resources in jar file [file:/Users/wulonghui/.m2/repository/com/youzan/pay/core/core-utils/1.0.1-SNAPSHOT/core-utils-1.0.1-SNAPSHOT.jar]
2017-08-28 17:42:02.065 [main] DEBUG o.s.core.io.support.PathMatchingResourcePatternResolver - Looking for matching resources in jar file [file:/Users/wulonghui/.m2/repository/com/youzan/pay/core/core-model/1.0.1-SNAPSHOT/core-model-1.0.1-SNAPSHOT.jar]
2017-08-28 17:42:02.066 [main] DEBUG o.s.core.io.support.PathMatchingResourcePatternResolver - Looking for matching resources in jar file [file:/Users/wulonghui/.m2/repository/com/youzan/platform/bootstrap/3.0.9-RELEASE/bootstrap-3.0.9-RELEASE.jar]
[...]
2017-08-28 17:42:03.461 [main] DEBUG o.s.beans.factory.support.DisposableBeanAdapter - Invoking destroy() on bean with name 'merchantBankCardService'
2017-08-28 17:42:03.461 [main] INFO  com.youzan.nova.registry.haunt.HauntRegistry -  [Nova] Unsubscribe: consumer://172.17.11.56/com.youzan.pay.customer.api.BankCardService?application=pay-ucashier&category=providers,configurators,routers&check=false&dubbo=3.0.9-RELEASE&interface=com.youzan.pay.customer.api.BankCardService&logger=slf4j&methods=getBoundBankCard,bindQuackPayCard,bindCard,unbindQuickPayCard,queryBoundQuickPayCard&owner=pay-ucashier&pid=43551&protocol=dubbo&retries=0&revision=0.0.7-20170804-RELEASE&side=consumer&timeout=5000&timestamp=1503913323215, nova version: 3.0.9-RELEASE, current host: 172.17.11.56
2017-08-28 17:42:03.461 [main] INFO  com.alibaba.dubbo.remoting.transport.netty.NettyChannel -  [Nova] Close netty channel [id: 0xee98f06d, /172.17.11.56:61787 => /10.9.82.150:28081], nova version: 3.0.9-RELEASE, current host: 172.17.11.56
2017-08-28 17:42:03.461 [DubboSharedHandler-thread-1] INFO  com.alibaba.dubbo.rpc.protocol.dubbo.DubboProtocol -  [Nova] disconected from /10.9.82.150:28081,url:dubbo://10.9.82.150:28081/com.youzan.pay.customer.api.BankCardService?application=pay-ucashier&check=false&codec=dubbo&dubbo=3.0.9-RELEASE&heartbeat=60000&interface=com.youzan.pay.customer.api.BankCardService&logger=slf4j&methods=getBoundBankCard,bindQuackPayCard,unbindQuickPayCard,bindCard,queryBoundQuickPayCard,&monitor=http%3A%2F%2Fhawk-dev.s.qima-inc.com%3A80%3Fdubbo%3D3.0.9-RELEASE%26interface%3Dcom.alibaba.dubbo.monitor.MonitorService%26pid%3D43551%26timestamp%3D1503913323215&owner=pay-ucashier&pid=43551&protocol=dubbo&retries=0&revision=0.0.7-20170804-RELEASE&side=consumer&timeout=5000&timestamp=1503913323215&weight=100, nova version: 3.0.9-RELEASE, current host: 172.17.11.56
2017-08-28 17:42:03.462 [main] INFO  com.alibaba.dubbo.remoting.transport.netty.NettyChannel -  [Nova] Close netty channel [id: 0x007d5c8e, /172.17.11.56:61785 => /172.16.8.185:28081], nova version: 3.0.9-RELEASE, current host: 172.17.11.56
2017-08-28 17:42:03.462 [DubboSharedHandler-thread-1] INFO  com.alibaba.dubbo.rpc.protocol.dubbo.DubboProtocol -  [Nova] disconected from /172.16.8.185:28081,url:dubbo://172.16.8.185:28081/com.youzan.pay.customer.api.BankCardService?application=pay-ucashier&check=false&codec=dubbo&dubbo=3.0.9-RELEASE&heartbeat=60000&interface=com.youzan.pay.customer.api.BankCardService&logger=slf4j&methods=bindQuackPayCard,getBoundBankCard,bindCard_2_0_0,unbindQuickPayCard,bindCard,queryBoundQuickPayCard,&monitor=http%3A%2F%2Fhawk-dev.s.qima-inc.com%3A80%3Fdubbo%3D3.0.9-RELEASE%26interface%3Dcom.alibaba.dubbo.monitor.MonitorService%26pid%3D43551%26timestamp%3D1503913323215&owner=pay-ucashier&pid=43551&protocol=dubbo&retries=0&revision=0.0.7-20170804-RELEASE&side=consumer&timeout=5000&timestamp=1503913323215&weight=100, nova version: 3.0.9-RELEASE, current host: 172.17.11.56
2017-08-28 17:42:03.462 [main] INFO  com.alibaba.dubbo.remoting.transport.netty.NettyChannel -  [Nova] Close netty channel [id: 0x072aadc3, /172.17.11.56:61786 => /10.9.196.183:28081], nova version: 3.0.9-RELEASE, current host: 172.17.11.56
2017-08-28 17:42:03.462 [DubboSharedHandler-thread-1] INFO  com.alibaba.dubbo.rpc.protocol.dubbo.DubboProtocol -  [Nova] disconected from /10.9.196.183:28081,url:dubbo://10.9.196.183:28081/com.youzan.pay.customer.api.BankCardService?application=pay-ucashier&check=false&codec=dubbo&dubbo=3.0.9-RELEASE&heartbeat=60000&interface=com.youzan.pay.customer.api.BankCardService&logger=slf4j&methods=bindQuackPayCard,getBoundBankCard,unbindQuickPayCard,bindCard,queryBoundQuickPayCard,&monitor=http%3A%2F%2Fhawk-dev.s.qima-inc.com%3A80%3Fdubbo%3D3.0.9-RELEASE%26interface%3Dcom.alibaba.dubbo.monitor.MonitorService%26pid%3D43551%26timestamp%3D1503913323215&owner=pay-ucashier&pid=43551&protocol=dubbo&retries=0&revision=0.0.7-20170804-RELEASE&side=consumer&timeout=5000&timestamp=1503913323215&weight=100, nova version: 3.0.9-RELEASE, current host: 172.17.11.56
2017-08-28 17:42:03.462 [main] DEBUG o.s.beans.factory.support.DisposableBeanAdapter - Invoking destroy() on bean with name 'bankCardService'
2017-08-28 17:42:03.462 [main] INFO  com.youzan.nova.registry.haunt.HauntRegistry -  [Nova] Unsubscribe: consumer://172.17.11.56/com.youzan.pay.fundchannel.open.api.BankCardService?application=pay-ucashier&category=providers,configurators,routers&check=false&dubbo=3.0.9-RELEASE&interface=com.youzan.pay.fundchannel.open.api.BankCardService&logger=slf4j&methods=checkCard,sendSms,checkBankBinding,payConfirm&owner=pay-ucashier&pid=43551&protocol=dubbo&retries=0&revision=1.0.0-20170710-RELEASE&side=consumer&timeout=5000&timestamp=1503913323174, nova version: 3.0.9-RELEASE, current host: 172.17.11.56
2017-08-28 17:42:03.462 [main] INFO  com.alibaba.dubbo.remoting.transport.netty.NettyChannel -  [Nova] Close netty channel [id: 0x674ce6cd, /172.17.11.56:61784 => /10.9.196.183:28096], nova version: 3.0.9-RELEASE, current host: 172.17.11.56
2017-08-28 17:42:03.462 [DubboSharedHandler-thread-1] INFO  com.alibaba.dubbo.rpc.protocol.dubbo.DubboProtocol -  [Nova] disconected from /10.9.196.183:28096,url:dubbo://10.9.196.183:28096/com.youzan.pay.fundchannel.open.api.BankCardService?application=pay-ucashier&check=false&codec=dubbo&dubbo=3.0.9-RELEASE&heartbeat=60000&interface=com.youzan.pay.fundchannel.open.api.BankCardService&logger=slf4j&methods=checkCard,sendSms,checkBankBinding,payConfirm,&monitor=http%3A%2F%2Fhawk-dev.s.qima-inc.com%3A80%3Fdubbo%3D3.0.9-RELEASE%26interface%3Dcom.alibaba.dubbo.monitor.MonitorService%26pid%3D43551%26timestamp%3D1503913323175&owner=pay-ucashier&pid=43551&protocol=dubbo&retries=0&revision=1.0.0-20170710-RELEASE&side=consumer&timeout=5000&timestamp=1503913323174&weight=100, nova version: 3.0.9-RELEASE, current host: 172.17.11.56
2017-08-28 17:42:03.462 [main] DEBUG o.s.beans.factory.support.DisposableBeanAdapter - Invoking destroy() on bean with name 'rechargeService'
2017-08-28 17:42:03.462 [main] INFO  com.youzan.nova.registry.haunt.HauntRegistry -  [Nova] Unsubscribe: consumer://172.17.11.56/com.youzan.pay.assetcenter.api.RechargeService?application=pay-ucashier&category=providers,configurators,routers&check=false&dubbo=3.0.9-RELEASE&interface=com.youzan.pay.assetcenter.api.RechargeService&logger=slf4j&methods=rechargePay,wrapCreate,create,wrapRechargePay&owner=pay-ucashier&pid=43551&protocol=dubbo&retries=0&revision=0.0.9-20170817-SNAPSHOT&side=consumer&timeout=5000&timestamp=1503913323166, nova version: 3.0.9-RELEASE, current host: 172.17.11.56
2017-08-28 17:42:03.462 [main] DEBUG o.s.beans.factory.support.DisposableBeanAdapter - Invoking destroy() on bean with name 'acquireOrderService'
2017-08-28 17:42:03.462 [main] INFO  com.youzan.nova.registry.haunt.HauntRegistry -  [Nova] Unsubscribe: consumer://172.17.11.56/com.youzan.pay.assetcenter.api.AcquireOrderService?application=pay-ucashier&category=providers,configurators,routers&check=false&dubbo=3.0.9-RELEASE&interface=com.youzan.pay.assetcenter.api.AcquireOrderService&logger=slf4j&methods=payNotify,retryInAccount,query,create,pay,revoke&owner=pay-ucashier&pid=43551&protocol=dubbo&retries=0&revision=0.0.9-20170817-SNAPSHOT&side=consumer&timeout=5000&timestamp=1503913323159, nova version: 3.0.9-RELEASE, current host: 172.17.11.56
2017-08-28 17:42:03.463 [main] DEBUG o.s.beans.factory.support.DisposableBeanAdapter - Invoking destroy() on bean with name 'unifiedPayService'
2017-08-28 17:42:03.463 [main] INFO  com.youzan.nova.registry.haunt.HauntRegistry -  [Nova] Unsubscribe: consumer://172.17.11.56/com.youzan.pay.assetcenter.api.UnifiedPayService?application=pay-ucashier&category=providers,configurators,routers&check=false&dubbo=3.0.9-RELEASE&interface=com.youzan.pay.assetcenter.api.UnifiedPayService&logger=slf4j&methods=warpMultiPay,multiPay,singlePay,wrapMultiPay,wrapSinglePay&owner=pay-ucashier&pid=43551&protocol=dubbo&retries=0&revision=0.0.9-20170817-SNAPSHOT&side=consumer&timeout=5000&timestamp=1503913323119, nova version: 3.0.9-RELEASE, current host: 172.17.11.56
2017-08-28 17:42:03.463 [main] INFO  com.alibaba.dubbo.remoting.transport.netty.NettyChannel -  [Nova] Close netty channel [id: 0xfdce01b1, /172.17.11.56:61779 => /10.9.82.150:28094], nova version: 3.0.9-RELEASE, current host: 172.17.11.56
2017-08-28 17:42:03.463 [main] DEBUG o.s.beans.factory.support.DisposableBeanAdapter - Invoking destroy() on bean with name 'com.alibaba.dubbo.config.spring.AnnotationBean'
2017-08-28 17:42:03.463 [DubboSharedHandler-thread-1] INFO  com.alibaba.dubbo.rpc.protocol.dubbo.DubboProtocol -  [Nova] disconected from /10.9.82.150:28094,url:dubbo://10.9.82.150:28094/com.youzan.pay.assetcenter.api.UnifiedPayService?application=pay-ucashier&check=false&codec=dubbo&dubbo=3.0.9-RELEASE&heartbeat=60000&interface=com.youzan.pay.assetcenter.api.UnifiedPayService&logger=slf4j&methods=warpMultiPay,multiPay,singlePay,wrapMultiPay,batchPay,wrapSinglePay,&monitor=http%3A%2F%2Fhawk-dev.s.qima-inc.com%3A80%3Fdubbo%3D3.0.9-RELEASE%26interface%3Dcom.alibaba.dubbo.monitor.MonitorService%26pid%3D43551%26timestamp%3D1503913323119&owner=pay-ucashier&pid=43551&protocol=dubbo&retries=0&revision=0.0.9-20170817-SNAPSHOT&side=consumer&timeout=5000&timestamp=1503913323119&weight=100, nova version: 3.0.9-RELEASE, current host: 172.17.11.56
2017-08-28 17:42:03.463 [main] ERROR org.springframework.test.context.TestContextManager - Caught exception while allowing TestExecutionListener [org.springframework.test.context.support.DependencyInjectionTestExecutionListener@59cce842] to prepare test instance [com.youzan.pay.unified.cashier.intergration.client.UserMerchantServiceClientTest@346df600]
java.lang.IllegalStateException: Failed to load ApplicationContext
	at org.springframework.test.context.CacheAwareContextLoaderDelegate.loadContext(CacheAwareContextLoaderDelegate.java:103) ~[spring-test-3.2.13.RELEASE.jar:3.2.13.RELEASE]
	at org.springframework.test.context.TestContext.getApplicationContext(TestContext.java:122) ~[spring-test-3.2.13.RELEASE.jar:3.2.13.RELEASE]
	at org.springframework.test.context.support.DependencyInjectionTestExecutionListener.injectDependencies(DependencyInjectionTestExecutionListener.java:109) ~[spring-test-3.2.13.RELEASE.jar:3.2.13.RELEASE]
	at org.springframework.test.context.support.DependencyInjectionTestExecutionListener.prepareTestInstance(DependencyInjectionTestExecutionListener.java:75) ~[spring-test-3.2.13.RELEASE.jar:3.2.13.RELEASE]
	at org.springframework.test.context.TestContextManager.prepareTestInstance(TestContextManager.java:321) ~[spring-test-3.2.13.RELEASE.jar:3.2.13.RELEASE]
	at org.springframework.test.context.junit4.SpringJUnit4ClassRunner.createTest(SpringJUnit4ClassRunner.java:211) [spring-test-3.2.13.RELEASE.jar:3.2.13.RELEASE]
	at org.springframework.test.context.junit4.SpringJUnit4ClassRunner$1.runReflectiveCall(SpringJUnit4ClassRunner.java:288) [spring-test-3.2.13.RELEASE.jar:3.2.13.RELEASE]
	at org.junit.internal.runners.model.ReflectiveCallable.run(ReflectiveCallable.java:12) [junit-4.12.jar:4.12]
	at org.springframework.test.context.junit4.SpringJUnit4ClassRunner.methodBlock(SpringJUnit4ClassRunner.java:284) [spring-test-3.2.13.RELEASE.jar:3.2.13.RELEASE]
	at org.springframework.test.context.junit4.SpringJUnit4ClassRunner.runChild(SpringJUnit4ClassRunner.java:231) [spring-test-3.2.13.RELEASE.jar:3.2.13.RELEASE]
	at org.springframework.test.context.junit4.SpringJUnit4ClassRunner.runChild(SpringJUnit4ClassRunner.java:88) [spring-test-3.2.13.RELEASE.jar:3.2.13.RELEASE]
	at org.junit.runners.ParentRunner$3.run(ParentRunner.java:290) [junit-4.12.jar:4.12]
	at org.junit.runners.ParentRunner$1.schedule(ParentRunner.java:71) [junit-4.12.jar:4.12]
	at org.junit.runners.ParentRunner.runChildren(ParentRunner.java:288) [junit-4.12.jar:4.12]
	at org.junit.runners.ParentRunner.access$000(ParentRunner.java:58) [junit-4.12.jar:4.12]
	at org.junit.runners.ParentRunner$2.evaluate(ParentRunner.java:268) [junit-4.12.jar:4.12]
	at org.springframework.test.context.junit4.statements.RunBeforeTestClassCallbacks.evaluate(RunBeforeTestClassCallbacks.java:61) [spring-test-3.2.13.RELEASE.jar:3.2.13.RELEASE]
	at org.springframework.test.context.junit4.statements.RunAfterTestClassCallbacks.evaluate(RunAfterTestClassCallbacks.java:71) [spring-test-3.2.13.RELEASE.jar:3.2.13.RELEASE]
	at org.junit.runners.ParentRunner.run(ParentRunner.java:363) [junit-4.12.jar:4.12]
	at org.springframework.test.context.junit4.SpringJUnit4ClassRunner.run(SpringJUnit4ClassRunner.java:174) [spring-test-3.2.13.RELEASE.jar:3.2.13.RELEASE]
	at org.apache.maven.surefire.junit4.JUnit4Provider.execute(JUnit4Provider.java:283) [surefire-junit4-2.18.1.jar:2.18.1]
	at org.apache.maven.surefire.junit4.JUnit4Provider.executeWithRerun(JUnit4Provider.java:173) [surefire-junit4-2.18.1.jar:2.18.1]
	at org.apache.maven.surefire.junit4.JUnit4Provider.executeTestSet(JUnit4Provider.java:153) [surefire-junit4-2.18.1.jar:2.18.1]
	at org.apache.maven.surefire.junit4.JUnit4Provider.invoke(JUnit4Provider.java:128) [surefire-junit4-2.18.1.jar:2.18.1]
	at org.apache.maven.surefire.booter.ForkedBooter.invokeProviderInSameClassLoader(ForkedBooter.java:203) [surefire-booter-2.18.1.jar:2.18.1]
	at org.apache.maven.surefire.booter.ForkedBooter.runSuitesInProcess(ForkedBooter.java:155) [surefire-booter-2.18.1.jar:2.18.1]
	at org.apache.maven.surefire.booter.ForkedBooter.main(ForkedBooter.java:103) [surefire-booter-2.18.1.jar:2.18.1]
Caused by: org.springframework.beans.factory.BeanCreationException: Error creating bean with name 'queryPayToolConfigServiceClient': Injection of resource dependencies failed; nested exception is org.springframework.beans.factory.NoSuchBeanDefinitionException: No qualifying bean of type [com.youzan.pay.core.cache.redis.RedisCacheManager] found for dependency: expected at least 1 bean which qualifies as autowire candidate for this dependency. Dependency annotations: {@javax.annotation.Resource(shareable=true, lookup=, name=, description=, authenticationType=CONTAINER, type=class java.lang.Object, mappedName=)}
	at org.springframework.context.annotation.CommonAnnotationBeanPostProcessor.postProcessPropertyValues(CommonAnnotationBeanPostProcessor.java:307) ~[spring-context-3.2.13.RELEASE.jar:3.2.13.RELEASE]
	at org.springframework.beans.factory.support.AbstractAutowireCapableBeanFactory.populateBean(AbstractAutowireCapableBeanFactory.java:1148) ~[spring-beans-3.2.13.RELEASE.jar:3.2.13.RELEASE]
	at org.springframework.beans.factory.support.AbstractAutowireCapableBeanFactory.doCreateBean(AbstractAutowireCapableBeanFactory.java:519) ~[spring-beans-3.2.13.RELEASE.jar:3.2.13.RELEASE]
	at org.springframework.beans.factory.support.AbstractAutowireCapableBeanFactory.createBean(AbstractAutowireCapableBeanFactory.java:458) ~[spring-beans-3.2.13.RELEASE.jar:3.2.13.RELEASE]
	at org.springframework.beans.factory.support.AbstractBeanFactory$1.getObject(AbstractBeanFactory.java:293) ~[spring-beans-3.2.13.RELEASE.jar:3.2.13.RELEASE]
	at org.springframework.beans.factory.support.DefaultSingletonBeanRegistry.getSingleton(DefaultSingletonBeanRegistry.java:223) ~[spring-beans-3.2.13.RELEASE.jar:3.2.13.RELEASE]
	at org.springframework.beans.factory.support.AbstractBeanFactory.doGetBean(AbstractBeanFactory.java:290) ~[spring-beans-3.2.13.RELEASE.jar:3.2.13.RELEASE]
	at org.springframework.beans.factory.support.AbstractBeanFactory.getBean(AbstractBeanFactory.java:191) ~[spring-beans-3.2.13.RELEASE.jar:3.2.13.RELEASE]
	at org.springframework.beans.factory.support.DefaultListableBeanFactory.preInstantiateSingletons(DefaultListableBeanFactory.java:636) ~[spring-beans-3.2.13.RELEASE.jar:3.2.13.RELEASE]
	at org.springframework.context.support.AbstractApplicationContext.finishBeanFactoryInitialization(AbstractApplicationContext.java:934) ~[spring-context-3.2.13.RELEASE.jar:3.2.13.RELEASE]
	at org.springframework.context.support.AbstractApplicationContext.refresh(AbstractApplicationContext.java:479) ~[spring-context-3.2.13.RELEASE.jar:3.2.13.RELEASE]
	at org.springframework.test.context.support.AbstractGenericContextLoader.loadContext(AbstractGenericContextLoader.java:120) ~[spring-test-3.2.13.RELEASE.jar:3.2.13.RELEASE]
	at org.springframework.test.context.support.AbstractGenericContextLoader.loadContext(AbstractGenericContextLoader.java:60) ~[spring-test-3.2.13.RELEASE.jar:3.2.13.RELEASE]
	at org.springframework.test.context.support.AbstractDelegatingSmartContextLoader.delegateLoading(AbstractDelegatingSmartContextLoader.java:102) ~[spring-test-3.2.13.RELEASE.jar:3.2.13.RELEASE]
	at org.springframework.test.context.support.AbstractDelegatingSmartContextLoader.loadContext(AbstractDelegatingSmartContextLoader.java:246) ~[spring-test-3.2.13.RELEASE.jar:3.2.13.RELEASE]
	at org.springframework.test.context.CacheAwareContextLoaderDelegate.loadContextInternal(CacheAwareContextLoaderDelegate.java:69) ~[spring-test-3.2.13.RELEASE.jar:3.2.13.RELEASE]
	at org.springframework.test.context.CacheAwareContextLoaderDelegate.loadContext(CacheAwareContextLoaderDelegate.java:95) ~[spring-test-3.2.13.RELEASE.jar:3.2.13.RELEASE]
	... 26 common frames omitted
Caused by: org.springframework.beans.factory.NoSuchBeanDefinitionException: No qualifying bean of type [com.youzan.pay.core.cache.redis.RedisCacheManager] found for dependency: expected at least 1 bean which qualifies as autowire candidate for this dependency. Dependency annotations: {@javax.annotation.Resource(shareable=true, lookup=, name=, description=, authenticationType=CONTAINER, type=class java.lang.Object, mappedName=)}
	at org.springframework.beans.factory.support.DefaultListableBeanFactory.raiseNoSuchBeanDefinitionException(DefaultListableBeanFactory.java:997) ~[spring-beans-3.2.13.RELEASE.jar:3.2.13.RELEASE]
	at org.springframework.beans.factory.support.DefaultListableBeanFactory.doResolveDependency(DefaultListableBeanFactory.java:867) ~[spring-beans-3.2.13.RELEASE.jar:3.2.13.RELEASE]
	at org.springframework.beans.factory.support.DefaultListableBeanFactory.resolveDependency(DefaultListableBeanFactory.java:779) ~[spring-beans-3.2.13.RELEASE.jar:3.2.13.RELEASE]
	at org.springframework.context.annotation.CommonAnnotationBeanPostProcessor.autowireResource(CommonAnnotationBeanPostProcessor.java:445) ~[spring-context-3.2.13.RELEASE.jar:3.2.13.RELEASE]
	at org.springframework.context.annotation.CommonAnnotationBeanPostProcessor.getResource(CommonAnnotationBeanPostProcessor.java:423) ~[spring-context-3.2.13.RELEASE.jar:3.2.13.RELEASE]
	at org.springframework.context.annotation.CommonAnnotationBeanPostProcessor$ResourceElement.getResourceToInject(CommonAnnotationBeanPostProcessor.java:551) ~[spring-context-3.2.13.RELEASE.jar:3.2.13.RELEASE]
	at org.springframework.beans.factory.annotation.InjectionMetadata$InjectedElement.inject(InjectionMetadata.java:169) ~[spring-beans-3.2.13.RELEASE.jar:3.2.13.RELEASE]
	at org.springframework.beans.factory.annotation.InjectionMetadata.inject(InjectionMetadata.java:88) ~[spring-beans-3.2.13.RELEASE.jar:3.2.13.RELEASE]
	at org.springframework.context.annotation.CommonAnnotationBeanPostProcessor.postProcessPropertyValues(CommonAnnotationBeanPostProcessor.java:304) ~[spring-context-3.2.13.RELEASE.jar:3.2.13.RELEASE]
	... 42 common frames omitted
]]></system-out>
  </testcase>
</testsuite>